Log file open, 12/08/17 10:16:40
LogWindows: Failed to load 'aqProf.dll' (GetLastError=126)
LogWindows: File 'aqProf.dll' does not exist
LogWindows: Failed to load 'VSPerf140.dll' (GetLastError=126)
LogWindows: File 'VSPerf140.dll' does not exist
LogWindows: Failed to load 'VtuneApi.dll' (GetLastError=126)
LogWindows: File 'VtuneApi.dll' does not exist
LogWindows: Failed to load 'VtuneApi32e.dll' (GetLastError=126)
LogWindows: File 'VtuneApi32e.dll' does not exist
LogInit: Display: Running engine for game: Our_Nightmare
LogPlatformFile: Not using cached read wrapper
LogInit: Display: RandInit(124228698) SRandInit(124228698).
LogTaskGraph: Started task graph with 5 named threads and 14 total threads with 3 sets of task threads.
LogStats: Stats thread started at 1.382114
LogD3D11RHI: Aftermath initialized
LogPluginManager: Mounting plugin Paper2D
LogPluginManager: Mounting plugin LightPropagationVolume
LogPluginManager: Mounting plugin CodeLiteSourceCodeAccess
LogPluginManager: Mounting plugin GitSourceControl
LogPluginManager: Mounting plugin KDevelopSourceCodeAccess
LogPluginManager: Mounting plugin NullSourceCodeAccess
LogPluginManager: Mounting plugin PerforceSourceControl
LogPluginManager: Mounting plugin SubversionSourceControl
LogPluginManager: Mounting plugin UObjectPlugin
LogPluginManager: Mounting plugin VisualStudioSourceCodeAccess
LogPluginManager: Mounting plugin XCodeSourceCodeAccess
LogPluginManager: Mounting plugin AssetManagerEditor
LogPluginManager: Mounting plugin AudioCapture
LogPluginManager: Mounting plugin FacialAnimation
LogPluginManager: Mounting plugin GameplayTagsEditor
LogPluginManager: Mounting plugin MobileLauncherProfileWizard
LogPluginManager: Mounting plugin PluginBrowser
LogPluginManager: Mounting plugin SpeedTreeImporter
LogPluginManager: Mounting plugin AlembicImporter
LogPluginManager: Mounting plugin CharacterAI
LogPluginManager: Mounting plugin HTML5Networking
LogPluginManager: Mounting plugin AndroidMedia
LogPluginManager: Mounting plugin AvfMedia
LogPluginManager: Mounting plugin MediaPlayerEditor
LogPluginManager: Mounting plugin WmfMedia
LogPluginManager: Mounting plugin TcpMessaging
LogPluginManager: Mounting plugin UdpMessaging
LogPluginManager: Mounting plugin LevelSequenceEditor
LogPluginManager: Mounting plugin MatineeToLevelSequence
LogPluginManager: Mounting plugin OnlineSubsystemGooglePlay
LogPluginManager: Mounting plugin OnlineSubsystemIOS
LogPluginManager: Mounting plugin OnlineSubsystem
LogPluginManager: Mounting plugin OnlineSubsystemNull
LogPluginManager: Mounting plugin OnlineSubsystemUtils
LogPluginManager: Mounting plugin AndroidDeviceProfileSelector
LogPluginManager: Mounting plugin AndroidMoviePlayer
LogPluginManager: Mounting plugin AndroidPermission
LogPluginManager: Mounting plugin AppleMoviePlayer
LogPluginManager: Mounting plugin ArchVisCharacter
LogPluginManager: Mounting plugin CableComponent
LogPluginManager: Mounting plugin CustomMeshComponent
LogPluginManager: Mounting plugin ExampleDeviceProfileSelector
LogPluginManager: Mounting plugin GoogleCloudMessaging
LogPluginManager: Mounting plugin ImmediatePhysics
LogPluginManager: Mounting plugin IOSDeviceProfileSelector
LogPluginManager: Mounting plugin LinuxDeviceProfileSelector
LogPluginManager: Mounting plugin LocationServicesBPLibrary
LogPluginManager: Mounting plugin MobilePatchingUtils
LogPluginManager: Mounting plugin OculusVR
LogPluginManager: Mounting plugin PhysXVehicles
LogPluginManager: Mounting plugin ProceduralMeshComponent
LogPluginManager: Mounting plugin RuntimePhysXCooking
LogPluginManager: Mounting plugin SteamVR
LogPluginManager: Mounting plugin WindowsMoviePlayer
LogInit: Using libcurl 7.47.1
LogInit:  - built for x86_64-pc-win32
LogInit:  - supports SSL with OpenSSL/1.0.2g
LogInit:  - supports HTTP deflate (compression) using libz 1.2.8
LogInit:  - other features:
LogInit:      CURL_VERSION_SSL
LogInit:      CURL_VERSION_LIBZ
LogInit:      CURL_VERSION_IPV6
LogInit:      CURL_VERSION_ASYNCHDNS
LogInit:      CURL_VERSION_LARGEFILE
LogInit:      CURL_VERSION_IDN
LogInit:  CurlRequestOptions (configurable via config and command line):
LogInit:  - bVerifyPeer = false  - Libcurl will NOT verify peer certificate
LogInit:  - bUseHttpProxy = false  - Libcurl will NOT use HTTP proxy
LogInit:  - bDontReuseConnections = false  - Libcurl will reuse connections
LogInit:  - CertBundlePath = nullptr  - Libcurl will use whatever was configured at build time.
LogInit: Build: ++UE4+Release-4.17-CL-3658906
LogInit: Engine Version: 4.17.2-3658906+++UE4+Release-4.17
LogInit: Compatible Engine Version: 4.17.0-3573198+++UE4+Release-4.17
LogInit: Net CL: 3573198
LogDevObjectVersion: Number of dev versions registered: 16
LogDevObjectVersion:   Dev-Blueprints (B0D832E4-1F89-4F0D-ACCF-7EB736FD4AA2): 10
LogDevObjectVersion:   Dev-Build (E1C64328-A22C-4D53-A36C-8E866417BD8C): 0
LogDevObjectVersion:   Dev-Core (375EC13C-06E4-48FB-B500-84F0262A717E): 2
LogDevObjectVersion:   Dev-Editor (E4B068ED-F494-42E9-A231-DA0B2E46BB41): 20
LogDevObjectVersion:   Dev-Framework (CFFC743F-43B0-4480-9391-14DF171D2073): 28
LogDevObjectVersion:   Dev-Mobile (B02B49B5-BB20-44E9-A304-32B752E40360): 0
LogDevObjectVersion:   Dev-Networking (A4E4105C-59A1-49B5-A7C5-40C4547EDFEE): 0
LogDevObjectVersion:   Dev-Online (39C831C9-5AE6-47DC-9A44-9C173E1C8E7C): 0
LogDevObjectVersion:   Dev-Physics (78F01B33-EBEA-4F98-B9B4-84EACCB95AA2): 0
LogDevObjectVersion:   Dev-Platform (6631380F-2D4D-43E0-8009-CF276956A95A): 0
LogDevObjectVersion:   Dev-Rendering (12F88B9F-8875-4AFC-A67C-D90C383ABD29): 19
LogDevObjectVersion:   Dev-Sequencer (7B5AE74C-D270-4C10-A958-57980B212A5A): 4
LogDevObjectVersion:   Dev-VR (D7296918-1DD6-4BDD-9DE2-64A83CC13884): 0
LogDevObjectVersion:   Dev-LoadTimes (C2A15278-BFE7-4AFE-6C17-90FF531DF755): 1
LogDevObjectVersion:   Private-Geometry (6EACA3D4-40EC-4CC1-B786-8BED09428FC5): 1
LogDevObjectVersion:   Dev-AnimPhys (29E575DD-E0A3-4627-9D10-D276232CDCEA): 7
LogInit: Compiled (64-bit): Sep 22 2017 13:47:16
LogInit: Compiled with Visual C++: 19.00.24215.01
LogInit: Build Configuration: Development
LogInit: Branch Name: ++UE4+Release-4.17
LogInit: Command line:  
LogInit: Base directory: C:/Program Files/Epic Games/UE_4.17/Engine/Binaries/Win64/
LogInit: Installed Engine Build: 1
LogInit: Presizing for max 8388607 objects, including 0 objects not considered by GC, pre-allocating 0 bytes for permanent pool.
LogInit: Object subsystem initialized
[2017.12.08-10.16.44:277][  0]LogInit: Selected Device Profile: [Windows]
[2017.12.08-10.16.44:277][  0]LogInit: Applying CVar settings loaded from the selected device profile: [Windows]
[2017.12.08-10.16.44:313][  0]LogInit: Computer: DESKTOP-UTLPHC3
[2017.12.08-10.16.44:313][  0]LogInit: User: Leszek
[2017.12.08-10.16.44:313][  0]LogInit: CPU Page size=4096, Cores=4
[2017.12.08-10.16.44:313][  0]LogInit: High frequency timer resolution =2.742191 MHz
[2017.12.08-10.16.44:314][  0]LogMemory: Memory total: Physical=15.9GB (16GB approx)
[2017.12.08-10.16.44:314][  0]LogMemory: Platform Memory Stats for Windows
[2017.12.08-10.16.44:314][  0]LogMemory: Process Physical Memory: 280.12 MB used, 280.12 MB peak
[2017.12.08-10.16.44:314][  0]LogMemory: Process Virtual Memory: 274.24 MB used, 274.24 MB peak
[2017.12.08-10.16.44:314][  0]LogMemory: Physical Memory: 8195.95 MB used,  8040.00 MB free, 16235.95 MB total
[2017.12.08-10.16.44:314][  0]LogMemory: Virtual Memory: 702.64 MB used,  8040.00 MB free, 134217728.00 MB total
[2017.12.08-10.16.46:583][  0]LogInit: Using OS detected language (en-US).
[2017.12.08-10.16.46:583][  0]LogInit: Using OS detected locale (en-GB).
[2017.12.08-10.16.46:598][  0]LogTextLocalizationManager: No specific localization for 'en-US' exists, so the 'en' localization will be used.
[2017.12.08-10.16.48:834][  0]LogD3D11RHI: D3D11 adapters:
[2017.12.08-10.16.48:973][  0]LogD3D11RHI:    0. 'NVIDIA GeForce GTX 1050' (Feature Level 11_0)
[2017.12.08-10.16.48:973][  0]LogD3D11RHI:       4031/0/8117 MB DedicatedVideo/DedicatedSystem/SharedSystem, Outputs:1, VendorId:0x10de
[2017.12.08-10.16.48:993][  0]LogD3D11RHI:    1. 'Intel(R) HD Graphics 630' (Feature Level 11_0)
[2017.12.08-10.16.48:993][  0]LogD3D11RHI:       128/0/8117 MB DedicatedVideo/DedicatedSystem/SharedSystem, Outputs:0, VendorId:0x8086
[2017.12.08-10.16.49:000][  0]LogD3D11RHI:    2. 'Microsoft Basic Render Driver' (Feature Level 11_0)
[2017.12.08-10.16.49:000][  0]LogD3D11RHI:       0/0/8117 MB DedicatedVideo/DedicatedSystem/SharedSystem, Outputs:0, VendorId:0x1414
[2017.12.08-10.16.49:000][  0]LogD3D11RHI: Chosen D3D11 Adapter: 0
[2017.12.08-10.16.49:029][  0]LogD3D11RHI: Creating new Direct3DDevice
[2017.12.08-10.16.49:029][  0]LogD3D11RHI:     GPU DeviceId: 0x1c8d (for the marketing name, search the web for "GPU Device Id")
[2017.12.08-10.16.49:029][  0]LogWindows: EnumDisplayDevices:
[2017.12.08-10.16.49:029][  0]LogWindows:    0. 'Intel(R) HD Graphics 630' (P:1 D:1)
[2017.12.08-10.16.49:030][  0]LogWindows:    1. 'Intel(R) HD Graphics 630' (P:0 D:0)
[2017.12.08-10.16.49:030][  0]LogWindows:    2. 'Intel(R) HD Graphics 630' (P:0 D:0)
[2017.12.08-10.16.49:030][  0]LogWindows: DebugString: GetVideoDriverDetailsInvalid PrimaryIsNotTheChoosenAdapter GetVideoDriverDetailsInvalid PrimaryIsNotTheChoosenAdapter GetVideoDriverDetailsInvalid PrimaryIsNotTheChoosenAdapter FoundDriverCount:0 
[2017.12.08-10.16.49:030][  0]LogD3D11RHI:     Adapter Name: NVIDIA GeForce GTX 1050
[2017.12.08-10.16.49:030][  0]LogD3D11RHI:   Driver Version: Unknown (internal:Unknown, unified:Unknown)
[2017.12.08-10.16.49:030][  0]LogD3D11RHI:      Driver Date: Unknown
[2017.12.08-10.16.49:030][  0]LogRHI: Texture pool is 1361 MB (70% of 1945 MB)
[2017.12.08-10.16.49:078][  0]LogD3D11RHI: Async texture creation enabled
[2017.12.08-10.16.49:123][  0]LogD3D11RHI: GPU Timing Frequency: 1000.000000 (Debug: 2 1)
[2017.12.08-10.16.49:132][  0]LogShaderCompilers: Guid format shader working directory is -39 characters bigger than the processId version (../../../../../../Users/Leszek/Documents/Unreal Projects/Break_the_Build/Our_Nightmare/Intermediate/Shaders/WorkingDirectory/9740/).
[2017.12.08-10.16.49:132][  0]LogShaderCompilers: Cleaned the shader compiler working directory 'C:/Users/Leszek/AppData/Local/Temp/UnrealShaderWorkingDir/B5AC691F438DC9AAC5C9D5A40B71A1B0/'.
[2017.12.08-10.16.49:133][  0]LogShaderCompilers: Display: Using Local Shader Compiler.
[2017.12.08-10.16.51:225][  0]LogTemp: Display: Loaded TP AllDesktopTargetPlatform
[2017.12.08-10.16.51:289][  0]LogTemp: Display: Loaded TP MacClientTargetPlatform
[2017.12.08-10.16.51:356][  0]LogTemp: Display: Loaded TP MacNoEditorTargetPlatform
[2017.12.08-10.16.51:424][  0]LogTemp: Display: Loaded TP MacServerTargetPlatform
[2017.12.08-10.16.51:529][  0]LogTemp: Display: Loaded TP MacTargetPlatform
[2017.12.08-10.16.51:617][  0]LogTemp: Display: Loaded TP WindowsClientTargetPlatform
[2017.12.08-10.16.51:759][  0]LogTemp: Display: Loaded TP WindowsNoEditorTargetPlatform
[2017.12.08-10.16.51:884][  0]LogTemp: Display: Loaded TP WindowsServerTargetPlatform
[2017.12.08-10.16.51:979][  0]LogTemp: Display: Loaded TP WindowsTargetPlatform
[2017.12.08-10.16.52:043][  0]LogTemp: Display: Loaded TP AndroidTargetPlatform
[2017.12.08-10.16.52:155][  0]LogTemp: Display: Loaded TP Android_ASTCTargetPlatform
[2017.12.08-10.16.52:276][  0]LogTemp: Display: Loaded TP Android_ATCTargetPlatform
[2017.12.08-10.16.52:349][  0]LogTemp: Display: Loaded TP Android_DXTTargetPlatform
[2017.12.08-10.16.52:414][  0]LogTemp: Display: Loaded TP Android_ETC1TargetPlatform
[2017.12.08-10.16.52:481][  0]LogTemp: Display: Loaded TP Android_ETC2TargetPlatform
[2017.12.08-10.16.52:646][  0]LogTemp: Display: Loaded TP Android_MultiTargetPlatform
[2017.12.08-10.16.52:646][  0]LogTemp: Display: Loaded TP Android_PVRTCTargetPlatform
[2017.12.08-10.16.52:701][  0]LogTemp: Display: Loaded TP HTML5TargetPlatform
[2017.12.08-10.16.52:878][  0]LogTemp: Display: Loaded TP IOSTargetPlatform
[2017.12.08-10.16.52:963][  0]LogTemp: Display: Loaded TP TVOSTargetPlatform
[2017.12.08-10.16.53:071][  0]LogTemp: Display: Loaded TP LinuxClientTargetPlatform
[2017.12.08-10.16.53:176][  0]LogTemp: Display: Loaded TP LinuxNoEditorTargetPlatform
[2017.12.08-10.16.53:241][  0]LogTemp: Display: Loaded TP LinuxServerTargetPlatform
[2017.12.08-10.16.53:311][  0]LogTemp: Display: Loaded TP LinuxTargetPlatform
[2017.12.08-10.16.53:311][  0]LogTargetPlatformManager: Display: Building Assets For Windows
[2017.12.08-10.16.55:216][  0]LogDerivedDataCache: Display: Max Cache Size: 512 MB
[2017.12.08-10.16.55:815][  0]LogDerivedDataCache: Loaded boot cache 0.60s 93MB C:/Users/Leszek/AppData/Local/UnrealEngine/4.17/DerivedDataCache/Boot.ddc.
[2017.12.08-10.16.55:815][  0]LogDerivedDataCache: Display: Loaded Boot cache: C:/Users/Leszek/AppData/Local/UnrealEngine/4.17/DerivedDataCache/Boot.ddc
[2017.12.08-10.16.55:816][  0]LogDerivedDataCache: FDerivedDataBackendGraph:  Pak pak cache file ../../../../../../Users/Leszek/Documents/Unreal Projects/Break_the_Build/Our_Nightmare/DerivedDataCache/DDC.ddp not found, will not use a pak cache.
[2017.12.08-10.16.55:816][  0]LogDerivedDataCache: Unable to find inner node Pak for hierarchical cache Hierarchy.
[2017.12.08-10.16.55:816][  0]LogDerivedDataCache: FDerivedDataBackendGraph:  CompressedPak pak cache file ../../../../../../Users/Leszek/Documents/Unreal Projects/Break_the_Build/Our_Nightmare/DerivedDataCache/Compressed.ddp not found, will not use a pak cache.
[2017.12.08-10.16.55:816][  0]LogDerivedDataCache: Unable to find inner node CompressedPak for hierarchical cache Hierarchy.
[2017.12.08-10.16.55:876][  0]LogDerivedDataCache: Display: Pak cache opened for reading ../../../Engine/DerivedDataCache/Compressed.ddp.
[2017.12.08-10.16.55:893][  0]LogDerivedDataCache: Using Local data cache path C:/Users/Leszek/AppData/Local/UnrealEngine/Common/DerivedDataCache: Writable
[2017.12.08-10.16.55:931][  0]LogMaterial: Verifying Global Shaders for PCD3D_SM5
[2017.12.08-10.16.55:934][  0]LogSlate: Using Freetype 2.6.0
[2017.12.08-10.16.55:940][  0]LogSlate: SlateFontCache - WITH_FREETYPE: 1, WITH_HARFBUZZ: 1
[2017.12.08-10.16.55:940][  0]LogSlate: SlateFontCache - WITH_FREETYPE: 1, WITH_HARFBUZZ: 1
[2017.12.08-10.16.57:379][  0]LogAssetRegistry: FAssetRegistry took 0.0382 seconds to start up
[2017.12.08-10.16.57:718][  0]LogInit: Selected Device Profile: [Windows]
[2017.12.08-10.16.58:106][  0]LogContentStreaming: Texture pool size is 0.00 MB
[2017.12.08-10.16.59:372][  0]LogSimplygon: Simplygon DLL not present - disabling.
[2017.12.08-10.16.59:447][  0]LogMeshReduction: Using SimplygonSwarm for distributed automatic mesh merging
[2017.12.08-10.16.59:447][  0]LogMeshReduction: Using QuadricMeshReduction for automatic static mesh reduction
[2017.12.08-10.16.59:448][  0]LogMeshReduction: No automatic skeletal mesh reduction module available
[2017.12.08-10.16.59:448][  0]LogMeshReduction: No automatic mesh merging module available
[2017.12.08-10.16.59:448][  0]LogMeshMerging: No automatic mesh merging module available
[2017.12.08-10.17.00:046][  0]LogNetVersion: Our_Nightmare , NetCL: 3573198, EngineNetVer: 2, GameNetVer: 0 (Checksum: 107244254)
[2017.12.08-10.17.00:406][  0]LogPackageLocalizationCache: Processed 5 localized package path(s) for 2 prioritized culture(s) in 0.062151 seconds
[2017.12.08-10.17.00:415][  0]LogUObjectArray: 35825 objects as part of root set at end of initial load.
[2017.12.08-10.17.00:415][  0]LogUObjectAllocator: 7529104 out of 0 bytes used by permanent object pool.
[2017.12.08-10.17.00:415][  0]LogUObjectArray: CloseDisregardForGC: 0/0 objects in disregard for GC pool
[2017.12.08-10.17.00:532][  0]LogInit: WinSock: version 1.1 (2.2), MaxSocks=32767, MaxUdp=65467
[2017.12.08-10.17.08:511][  0]LogTcpMessaging: Initializing TcpMessaging bridge
[2017.12.08-10.17.08:667][  0]LogUdpMessaging: Initializing bridge on interface 0.0.0.0:0 to multicast group 230.0.0.1:6666.
[2017.12.08-10.17.09:930][  0]LogMaterial: Uniform references updated for custom material expression Custom.
[2017.12.08-10.17.11:139][  0]SourceControl: Source control is disabled
[2017.12.08-10.17.11:140][  0]SourceControl: Source control is disabled
[2017.12.08-10.17.11:219][  0]SourceControl: Source control is disabled
[2017.12.08-10.17.11:385][  0]SourceControl: Source control is disabled
[2017.12.08-10.17.13:856][  0]LogAndroidPermission: UAndroidPermissionCallbackProxy::GetInstance
[2017.12.08-10.17.14:619][  0]LogOcInput: OculusInput pre-init called
[2017.12.08-10.17.15:660][  0]LogEngine: Initializing Engine...
[2017.12.08-10.17.15:665][  0]LogHMD: Failed to initialize OpenVR with code 110
[2017.12.08-10.17.16:305][  0]LogStats: UGameplayTagsManager::ConstructGameplayTagTree: Construct from data asset -  0.000 s
[2017.12.08-10.17.16:305][  0]LogStats: UGameplayTagsManager::ConstructGameplayTagTree: GameplayTagTreeChangedEvent.Broadcast -  0.000 s
[2017.12.08-10.17.16:841][  0]LogAIModule: Creating AISystem for world Untitled
[2017.12.08-10.17.16:884][  0]LogInit: XAudio2 using 'Speakers / Headphones (Realtek Audio)' : 2 channels at 48 kHz using 32 bits per sample (channel mask 0x3)
[2017.12.08-10.17.18:190][  0]LogInit: FAudioDevice initialized.
[2017.12.08-10.17.18:314][  0]LogDerivedDataCache: Saved boot cache 0.12s 93MB C:/Users/Leszek/AppData/Local/UnrealEngine/4.17/DerivedDataCache/Boot.ddc.
[2017.12.08-10.17.18:343][  0]LogInit: Texture streaming: Enabled
[2017.12.08-10.17.18:542][  0]LogEngineSessionManager: EngineSessionManager initialized
[2017.12.08-10.17.19:306][  0]LogInit: Transaction tracking system initialized
[2017.12.08-10.17.20:170][  0]BlueprintLog: New page: Editor Load
[2017.12.08-10.17.24:274][  0]LocalizationService: Localization service is disabled
[2017.12.08-10.17.26:160][  0]LogConsoleResponse: Display: 
[2017.12.08-10.17.26:405][  0]LogCook: Display: Max memory allowance for cook 16384mb min free memory 0mb
[2017.12.08-10.17.26:405][  0]LogCook: Display: Mobile HDR setting 1
[2017.12.08-10.17.26:406][  0]LogGameplayTags: Display: UGameplayTagsManager::DoneAddingNativeTags. DelegateIsBound: 0
[2017.12.08-10.17.26:859][  0]LogFileCache: Scanning file cache for directory 'C:/Users/Leszek/Documents/Unreal Projects/Break_the_Build/Our_Nightmare/Content/' took 0.01s
[2017.12.08-10.17.29:029][  0]SourceControl: Source control is disabled
[2017.12.08-10.17.29:032][  0]Cmd: MAP LOAD FILE="../../../../../../Users/Leszek/Documents/Unreal Projects/Break_the_Build/Our_Nightmare/Content/FirstPersonBP/Maps/FirstPersonExampleMap.umap" TEMPLATE=0 SHOWPROGRESS=1 FEATURELEVEL=3
[2017.12.08-10.17.29:034][  0]LightingResults: New page: Lighting Build
[2017.12.08-10.17.29:149][  0]MapCheck: New page: Map Check
[2017.12.08-10.17.29:150][  0]LightingResults: New page: Lighting Build
[2017.12.08-10.17.29:507][  0]LogAIModule: Creating AISystem for world FirstPersonExampleMap
[2017.12.08-10.17.29:523][  0]LogEditorServer: Finished looking for orphan Actors (0.000 secs)
[2017.12.08-10.17.29:544][  0]Cmd: MAP CHECKDEP NOCLEARLOG
[2017.12.08-10.17.29:604][  0]MapCheck: Map check complete: 0 Error(s), 0 Warning(s), took 59.537ms to complete.
[2017.12.08-10.17.29:604][  0]LogFileHelpers: Loading map 'FirstPersonExampleMap' took 0.574
[2017.12.08-10.17.29:750][  0]LogWindowsTextInputMethodSystem: Display: IME system now deactivated.
[2017.12.08-10.17.29:751][  0]LogWindowsTextInputMethodSystem: Display: IME system now deactivated.
[2017.12.08-10.17.30:096][  0]LogCollectionManager: Loaded 0 collections in 0.005421 seconds
[2017.12.08-10.17.30:367][  0]LogFileCache: Scanning file cache for directory 'C:/Users/Leszek/Documents/Unreal Projects/Break_the_Build/Our_Nightmare/Saved/Collections/' took 0.01s
[2017.12.08-10.17.30:367][  0]LogFileCache: Scanning file cache for directory 'C:/Users/Leszek/Documents/Unreal Projects/Break_the_Build/Our_Nightmare/Content/Developers/Leszek/Collections/' took 0.01s
[2017.12.08-10.17.30:367][  0]LogFileCache: Scanning file cache for directory 'C:/Users/Leszek/Documents/Unreal Projects/Break_the_Build/Our_Nightmare/Content/Collections/' took 0.01s
[2017.12.08-10.17.30:367][  0]LogCollectionManager: Rebuilt the GUID cache for 0 collections in 0.000001 seconds
[2017.12.08-10.17.30:386][  0]LogContentBrowser: Native class hierarchy populated in 0.0172 seconds. Added 2386 classes and 500 folders.
[2017.12.08-10.17.30:507][  0]LogContentBrowser: Native class hierarchy updated for 'WidgetCarousel' in 0.0010 seconds. Added 0 classes and 0 folders.
[2017.12.08-10.17.30:776][  0]LogContentBrowser: Native class hierarchy updated for 'AddContentDialog' in 0.0030 seconds. Added 0 classes and 0 folders.
[2017.12.08-10.17.30:904][  0]LogContentBrowser: Native class hierarchy updated for 'SceneOutliner' in 0.0009 seconds. Added 1 classes and 2 folders.
[2017.12.08-10.17.31:197][  0]LogSlate: Took 0.001207 seconds to synchronously load lazily loaded font '../../../Engine/Content/Slate/Fonts/Roboto-Regular.ttf' (155K)
[2017.12.08-10.17.31:203][  0]LogSlate: Took 0.001901 seconds to synchronously load lazily loaded font '../../../Engine/Content/Slate/Fonts/Roboto-Bold.ttf' (160K)
[2017.12.08-10.17.31:216][  0]LogSlate: Took 0.001703 seconds to synchronously load lazily loaded font '../../../Engine/Content/Editor/Slate/Fonts/FontAwesome.ttf' (139K)
[2017.12.08-10.17.31:360][  0]LogRenderer: Reallocating scene render targets to support 980x468 Format 10 NumSamples 1 (Frame:1).
[2017.12.08-10.17.31:801][  0]LogContentBrowser: Native class hierarchy updated for 'HierarchicalLODOutliner' in 0.0008 seconds. Added 1 classes and 2 folders.
[2017.12.08-10.17.31:801][  0]LogLoad: (Engine Initialization) Total time: 56.17 seconds
[2017.12.08-10.17.31:802][  0]LogLoad: (Engine Initialization) Total Blueprint compile time: 0.00 seconds
[2017.12.08-10.17.31:802][  0]LogExternalProfiler: No external profilers were discovered.  External profiling features will not be available.
[2017.12.08-10.17.31:858][  0]LogContentStreaming: Texture pool size now 1000 MB
[2017.12.08-10.17.31:933][  0]LogSlate: Took 0.002203 seconds to synchronously load lazily loaded font '../../../Engine/Content/Slate/Fonts/Roboto-Light.ttf' (159K)
[2017.12.08-10.17.32:342][  2]LogAssetRegistry: Asset discovery search completed in 34.9862 seconds
[2017.12.08-10.17.32:344][  2]LogCollectionManager: Rebuilt the object cache for 0 collections in 0.000000 seconds (found 0 objects)
[2017.12.08-10.17.32:344][  2]LogCollectionManager: Fixed up redirectors for 0 collections in 0.000067 seconds (updated 0 objects)
[2017.12.08-10.17.46:323][209]LogSlate: Took 0.000444 seconds to synchronously load lazily loaded font '../../../Engine/Content/Slate/Fonts/Roboto-Light.ttf' (159K)
[2017.12.08-10.17.46:637][209]LogLinker: Warning: Can't find file '/Game/Class_BluePrint/defaultMat'
[2017.12.08-10.17.46:638][209]LogLinker: Warning: Can't find file for asset '/Game/Class_BluePrint/defaultMat' while loading ../../../../../../Users/Leszek/Documents/Unreal Projects/Break_the_Build/Our_Nightmare/Content/FirstPersonBP/Gabi_Assets/Class_BluePrint/Move_to_BtheB/Jar_KEY.uasset.
[2017.12.08-10.17.46:638][209]LoadErrors: Error: /Game/FirstPersonBP/Gabi_Assets/Class_BluePrint/Move_to_BtheB/Jar_KEY : Can't find file for asset. /Game/Class_BluePrint/defaultMat
[2017.12.08-10.17.46:638][209]LogLinker: Warning: Can't find file '/Game/Class_BluePrint/defaultMat'
[2017.12.08-10.17.46:639][209]LogLinker: Warning: Can't find file for asset '/Game/Class_BluePrint/defaultMat' while loading ../../../../../../Users/Leszek/Documents/Unreal Projects/Break_the_Build/Our_Nightmare/Content/FirstPersonBP/Gabi_Assets/Class_BluePrint/Move_to_BtheB/Jar_KEY.uasset.
[2017.12.08-10.17.46:760][209]LogLinker: Warning: Can't find file '/Game/Class_BluePrint/defaultMat'
[2017.12.08-10.17.46:760][209]LoadErrors: Failed to load /Game/Class_BluePrint/defaultMat.defaultMat Referenced by Jar_KEY
[2017.12.08-10.17.46:762][209]LogLinker: Warning: Can't find file for asset '/Game/Class_BluePrint/defaultMat' while loading NULL.
[2017.12.08-10.17.46:763][209]LogLinker: Warning: Can't find file '/Game/Class_BluePrint/defaultMat'
[2017.12.08-10.17.46:763][209]LogLinker: Warning: Can't find file for asset '/Game/Class_BluePrint/defaultMat' while loading NULL.
[2017.12.08-10.17.46:924][209]LogAIModule: Creating AISystem for world Gabi_Nightmare
[2017.12.08-10.17.46:989][209]Cmd: MAP LOAD FILE="../../../../../../Users/Leszek/Documents/Unreal Projects/Break_the_Build/Our_Nightmare/Content/FirstPersonBP/Maps/Gabi_Nightmare.umap" TEMPLATE=0 SHOWPROGRESS=1 FEATURELEVEL=3
[2017.12.08-10.17.46:990][209]LightingResults: New page: Lighting Build
[2017.12.08-10.17.46:992][209]LoadErrors: New page: Loading map: Gabi_Nightmare.umap
[2017.12.08-10.17.46:994][209]MapCheck: New page: Map Check
[2017.12.08-10.17.46:994][209]LightingResults: New page: Lighting Build
[2017.12.08-10.17.47:182][209]LogEditorServer: Finished looking for orphan Actors (0.000 secs)
[2017.12.08-10.17.47:245][209]Cmd: MAP CHECKDEP NOCLEARLOG
[2017.12.08-10.17.47:398][209]MapCheck: Map check complete: 0 Error(s), 0 Warning(s), took 153.066ms to complete.
[2017.12.08-10.17.47:400][209]LogFileHelpers: Loading map 'Gabi_Nightmare' took 0.413
[2017.12.08-10.18.30:635][357]LogFactory: FactoryCreateFile: StaticMesh with FbxFactory (0 0 ../../../../../../Users/Leszek/Pictures/Maya Projects 2017/EXPORT/Gnome with UV 3.obj)
[2017.12.08-10.18.30:743][357]LogFbx: Loading FBX Scene from ../../../../../../Users/Leszek/Pictures/Maya Projects 2017/EXPORT/Gnome with UV 3.obj
[2017.12.08-10.18.30:914][357]LogFbx: FBX Scene Loaded Succesfully
[2017.12.08-10.19.28:880][484]LogFactory: FactoryCreateFile: StaticMesh with FbxFactory (0 0 ../../../../../../Users/Leszek/Pictures/Maya Projects 2017/EXPORT/Gnome with UV 3.obj)
[2017.12.08-10.19.28:983][484]LogFbx: Loading FBX Scene from ../../../../../../Users/Leszek/Pictures/Maya Projects 2017/EXPORT/Gnome with UV 3.obj
[2017.12.08-10.19.29:103][484]LogFbx: FBX Scene Loaded Succesfully
[2017.12.08-10.19.30:790][484]LogFbx: Loading FBX Scene from ../../../../../../Users/Leszek/Pictures/Maya Projects 2017/EXPORT/Gnome with UV 3.obj
[2017.12.08-10.19.30:851][484]LogFbx: FBX Scene Loaded Succesfully
[2017.12.08-10.19.30:855][484]LogLinker: Can't find file '/Game/FirstPersonBP/Gabi_Assets/Class_BluePrint/StaticMesh/polySurface1Mat'
[2017.12.08-10.19.30:855][484]LogLinker: Can't find file '/Game/FirstPersonBP/Gabi_Assets/Class_BluePrint/StaticMesh/polySurface1Mat'
[2017.12.08-10.19.30:867][484]LogMaterial: Missing cached shader map for material polySurface1Mat, compiling. 
[2017.12.08-10.19.30:921][484]LogFbx: Warning: Triangulating static mesh polySurface1
[2017.12.08-10.19.31:559][484]LogStaticMesh: Building static mesh Gnome_with_UV_3...
[2017.12.08-10.19.31:677][484]LogStaticMesh: Built static mesh [0.12s] /Game/FirstPersonBP/Gabi_Assets/Class_BluePrint/StaticMesh/Gnome_with_UV_3.Gnome_with_UV_3
[2017.12.08-10.19.31:701][484]LogSlate: Took 0.000162 seconds to synchronously load lazily loaded font '../../../Engine/Content/Slate/Fonts/Roboto-Regular.ttf' (155K)
[2017.12.08-10.19.31:727][484]LogFactory: FactoryCreateFile: StaticMesh with FbxFactory (0 0 ../../../../../../Users/Leszek/Pictures/Maya Projects 2017/EXPORT/Rusty KEY.obj)
[2017.12.08-10.19.33:123][484]LogFbx: Loading FBX Scene from ../../../../../../Users/Leszek/Pictures/Maya Projects 2017/EXPORT/Rusty KEY.obj
[2017.12.08-10.19.33:150][484]LogFbx: FBX Scene Loaded Succesfully
[2017.12.08-10.19.33:151][484]LogLinker: Can't find file '/Game/FirstPersonBP/Gabi_Assets/Class_BluePrint/StaticMesh/lambert3SG'
[2017.12.08-10.19.33:151][484]LogLinker: Can't find file '/Game/FirstPersonBP/Gabi_Assets/Class_BluePrint/StaticMesh/lambert3SG'
[2017.12.08-10.19.33:155][484]LogMaterial: Missing cached shader map for material lambert3SG, compiling. 
[2017.12.08-10.19.33:170][484]LogFbx: Warning: Triangulating static mesh pCylinder5
[2017.12.08-10.19.33:449][484]LogStaticMesh: Building static mesh Rusty_KEY...
[2017.12.08-10.19.33:497][484]LogStaticMesh: Built static mesh [0.05s] /Game/FirstPersonBP/Gabi_Assets/Class_BluePrint/StaticMesh/Rusty_KEY.Rusty_KEY
[2017.12.08-10.19.33:503][484]LogStaticMesh: Warning: Rusty_KEY has degenerate tangent bases which will result in incorrect shading.  MikkTSpace relies on tangent bases and may result in mesh corruption, consider disabling this option.
[2017.12.08-10.19.33:511][484]FBXImport: Warning: Rusty_KEY has degenerate tangent bases which will result in incorrect shading.  MikkTSpace relies on tangent bases and may result in mesh corruption, consider disabling this option. 
[2017.12.08-10.20.50:041][466]LogSavePackage: Save=174.44ms
[2017.12.08-10.20.50:041][466]LogSavePackage: Moving '../../../../../../Users/Leszek/Documents/Unreal Projects/Break_the_Build/Our_Nightmare/Saved/Gabi_Nightmare9244BBFE4EEF26BC9928B0A532C115DC.tmp' to '../../../../../../Users/Leszek/Documents/Unreal Projects/Break_the_Build/Our_Nightmare/Content/FirstPersonBP/Maps/Gabi_Nightmare.umap'
[2017.12.08-10.20.50:043][466]LogSavePackage: Display: Finished SavePackage ../../../../../../Users/Leszek/Documents/Unreal Projects/Break_the_Build/Our_Nightmare/Content/FirstPersonBP/Maps/Gabi_Nightmare.umap
[2017.12.08-10.25.08:713][372]LogFactory: FactoryCreateFile: Texture with ReimportTextureFactory (0 0 ../../../../../../Users/Leszek/Documents/Allegorithmic/Substance Painter/export/Gnome with UV 3_lambert3SG_BaseColor.png)
[2017.12.08-10.25.09:522][372]LogTexture: Display: Building textures: Gnome_with_UV_3_lambert3SG_BaseColor (AutoDXT, 4096X4096)
[2017.12.08-10.25.12:479][372]LogFactory: FactoryCreateFile: Texture with ReimportTextureFactory (0 0 ../../../../../../Users/Leszek/Documents/Allegorithmic/Substance Painter/export/Gnome with UV 3_lambert3SG_Normal.png)
[2017.12.08-10.25.13:453][372]LogTexture: Display: Building textures: Gnome_with_UV_3_lambert3SG_Normal (AutoDXT, 4096X4096)
[2017.12.08-10.25.18:012][372]LogFactory: FactoryCreateFile: Texture with ReimportTextureFactory (0 0 ../../../../../../Users/Leszek/Documents/Allegorithmic/Substance Painter/export/Gnome with UV 3_lambert3SG_OcclusionRoughnessMetallic.png)
[2017.12.08-10.25.18:806][372]LogTexture: Display: Building textures: Gnome_with_UV_3_lambert3SG_OcclusionRoughnessMetallic (AutoDXT, 4096X4096)
[2017.12.08-10.25.20:802][372]LogFactory: FactoryCreateFile: Texture with ReimportTextureFactory (0 0 ../../../../../../Users/Leszek/Documents/Allegorithmic/Substance Painter/export/KEY_lambert3SG_BaseColor.png)
[2017.12.08-10.25.21:113][372]LogTexture: Display: Building textures: KEY_lambert3SG_BaseColor (AutoDXT, 2048X2048)
[2017.12.08-10.25.21:714][372]LogFactory: FactoryCreateFile: Texture with ReimportTextureFactory (0 0 ../../../../../../Users/Leszek/Documents/Allegorithmic/Substance Painter/export/KEY_lambert3SG_Normal.png)
[2017.12.08-10.25.22:059][372]LogTexture: Display: Building textures: KEY_lambert3SG_Normal (BC5, 2048X2048)
[2017.12.08-10.25.22:383][372]LogSlate: Took 0.000183 seconds to synchronously load lazily loaded font '../../../Engine/Content/Slate/Fonts/Roboto-Light.ttf' (159K)
[2017.12.08-10.25.22:415][372]LogFactory: FactoryCreateFile: Texture with ReimportTextureFactory (0 0 ../../../../../../Users/Leszek/Documents/Allegorithmic/Substance Painter/export/KEY_lambert3SG_OcclusionRoughnessMetallic.png)
[2017.12.08-10.25.22:690][372]LogTexture: Display: Building textures: KEY_lambert3SG_OcclusionRoughnessMetallic (AutoDXT, 2048X2048)
[2017.12.08-10.25.29:341][475]LogSavePackage: Save=166.45ms
[2017.12.08-10.25.29:341][475]LogSavePackage: Moving '../../../../../../Users/Leszek/Documents/Unreal Projects/Break_the_Build/Our_Nightmare/Saved/Gabi_Nightmare5541BA234B0E49855E78E2B13B610E31.tmp' to '../../../../../../Users/Leszek/Documents/Unreal Projects/Break_the_Build/Our_Nightmare/Content/FirstPersonBP/Maps/Gabi_Nightmare.umap'
[2017.12.08-10.25.29:344][475]LogSavePackage: Display: Finished SavePackage ../../../../../../Users/Leszek/Documents/Unreal Projects/Break_the_Build/Our_Nightmare/Content/FirstPersonBP/Maps/Gabi_Nightmare.umap
[2017.12.08-10.35.29:560][462]LogFileHelpers: Editor autosave (incl. sublevels) for '/Game/FirstPersonBP/Maps/Gabi_Nightmare' took 0.035
[2017.12.08-10.35.29:567][462]OBJ SavePackage: Generating thumbnails for [1] asset(s) in package [/Game/FirstPersonBP/Gabi_Assets/Class_BluePrint/StaticMesh/Gnome_with_UV_3_lambert3SG_BaseColor] ([1] browsable assets)...
[2017.12.08-10.35.29:619][462]OBJ SavePackage:     Rendered thumbnail for [Texture2D /Game/FirstPersonBP/Gabi_Assets/Class_BluePrint/StaticMesh/Gnome_with_UV_3_lambert3SG_BaseColor.Gnome_with_UV_3_lambert3SG_BaseColor]
[2017.12.08-10.35.29:619][462]OBJ SavePackage: Finished generating thumbnails for package [/Game/FirstPersonBP/Gabi_Assets/Class_BluePrint/StaticMesh/Gnome_with_UV_3_lambert3SG_BaseColor]
[2017.12.08-10.35.29:739][462]LogSavePackage: Save=114.86ms
[2017.12.08-10.35.29:739][462]LogSavePackage: Moving '../../../../../../Users/Leszek/Documents/Unreal Projects/Break_the_Build/Our_Nightmare/Saved/Gnome_with_UV_3_lambert3SG_BaseColor_Auto1431887ED462B3B4DFA3E7ABC9DA6DD2A.tmp' to '../../../../../../Users/Leszek/Documents/Unreal Projects/Break_the_Build/Our_Nightmare/Saved/Autosaves/Game/FirstPersonBP/Gabi_Assets/Class_BluePrint/StaticMesh/Gnome_with_UV_3_lambert3SG_BaseColor_Auto1.uasset'
[2017.12.08-10.35.29:744][462]LogSavePackage: Display: Finished SavePackage ../../../../../../Users/Leszek/Documents/Unreal Projects/Break_the_Build/Our_Nightmare/Saved/Autosaves/Game/FirstPersonBP/Gabi_Assets/Class_BluePrint/StaticMesh/Gnome_with_UV_3_lambert3SG_BaseColor_Auto1.uasset
[2017.12.08-10.35.29:747][462]OBJ SavePackage: Generating thumbnails for [1] asset(s) in package [/Game/FirstPersonBP/Gabi_Assets/Class_BluePrint/StaticMesh/Gnome_with_UV_3] ([1] browsable assets)...
[2017.12.08-10.35.29:793][462]OBJ SavePackage:     Rendered thumbnail for [StaticMesh /Game/FirstPersonBP/Gabi_Assets/Class_BluePrint/StaticMesh/Gnome_with_UV_3.Gnome_with_UV_3]
[2017.12.08-10.35.29:793][462]OBJ SavePackage: Finished generating thumbnails for package [/Game/FirstPersonBP/Gabi_Assets/Class_BluePrint/StaticMesh/Gnome_with_UV_3]
[2017.12.08-10.35.29:825][462]LogSavePackage: Save=26.75ms
[2017.12.08-10.35.29:825][462]LogSavePackage: Moving '../../../../../../Users/Leszek/Documents/Unreal Projects/Break_the_Build/Our_Nightmare/Saved/Gnome_with_UV_3_Auto1961FB3E349AA8EC38067DF951DA17162.tmp' to '../../../../../../Users/Leszek/Documents/Unreal Projects/Break_the_Build/Our_Nightmare/Saved/Autosaves/Game/FirstPersonBP/Gabi_Assets/Class_BluePrint/StaticMesh/Gnome_with_UV_3_Auto1.uasset'
[2017.12.08-10.35.29:829][462]LogSavePackage: Display: Finished SavePackage ../../../../../../Users/Leszek/Documents/Unreal Projects/Break_the_Build/Our_Nightmare/Saved/Autosaves/Game/FirstPersonBP/Gabi_Assets/Class_BluePrint/StaticMesh/Gnome_with_UV_3_Auto1.uasset
[2017.12.08-10.35.29:832][462]OBJ SavePackage: Generating thumbnails for [1] asset(s) in package [/Game/FirstPersonBP/Gabi_Assets/Class_BluePrint/StaticMesh/polySurface1Mat] ([1] browsable assets)...
[2017.12.08-10.35.29:874][462]OBJ SavePackage:     Rendered thumbnail for [Material /Game/FirstPersonBP/Gabi_Assets/Class_BluePrint/StaticMesh/polySurface1Mat.polySurface1Mat]
[2017.12.08-10.35.29:874][462]OBJ SavePackage: Finished generating thumbnails for package [/Game/FirstPersonBP/Gabi_Assets/Class_BluePrint/StaticMesh/polySurface1Mat]
[2017.12.08-10.35.29:901][462]LogSavePackage: Save=23.46ms
[2017.12.08-10.35.29:901][462]LogSavePackage: Moving '../../../../../../Users/Leszek/Documents/Unreal Projects/Break_the_Build/Our_Nightmare/Saved/polySurface1Mat_Auto1C6AFB9D0470D4E63BDB87E82DB3170AF.tmp' to '../../../../../../Users/Leszek/Documents/Unreal Projects/Break_the_Build/Our_Nightmare/Saved/Autosaves/Game/FirstPersonBP/Gabi_Assets/Class_BluePrint/StaticMesh/polySurface1Mat_Auto1.uasset'
[2017.12.08-10.35.29:905][462]LogSavePackage: Display: Finished SavePackage ../../../../../../Users/Leszek/Documents/Unreal Projects/Break_the_Build/Our_Nightmare/Saved/Autosaves/Game/FirstPersonBP/Gabi_Assets/Class_BluePrint/StaticMesh/polySurface1Mat_Auto1.uasset
[2017.12.08-10.35.29:907][462]OBJ SavePackage: Generating thumbnails for [1] asset(s) in package [/Game/FirstPersonBP/Gabi_Assets/Class_BluePrint/StaticMesh/Rusty_KEY] ([1] browsable assets)...
[2017.12.08-10.35.29:950][462]OBJ SavePackage:     Rendered thumbnail for [StaticMesh /Game/FirstPersonBP/Gabi_Assets/Class_BluePrint/StaticMesh/Rusty_KEY.Rusty_KEY]
[2017.12.08-10.35.29:950][462]OBJ SavePackage: Finished generating thumbnails for package [/Game/FirstPersonBP/Gabi_Assets/Class_BluePrint/StaticMesh/Rusty_KEY]
[2017.12.08-10.35.29:978][462]LogSavePackage: Save=24.95ms
[2017.12.08-10.35.29:979][462]LogSavePackage: Moving '../../../../../../Users/Leszek/Documents/Unreal Projects/Break_the_Build/Our_Nightmare/Saved/Rusty_KEY_Auto168CE96E5467E6A412EE80487E897EBCB.tmp' to '../../../../../../Users/Leszek/Documents/Unreal Projects/Break_the_Build/Our_Nightmare/Saved/Autosaves/Game/FirstPersonBP/Gabi_Assets/Class_BluePrint/StaticMesh/Rusty_KEY_Auto1.uasset'
[2017.12.08-10.35.29:983][462]LogSavePackage: Display: Finished SavePackage ../../../../../../Users/Leszek/Documents/Unreal Projects/Break_the_Build/Our_Nightmare/Saved/Autosaves/Game/FirstPersonBP/Gabi_Assets/Class_BluePrint/StaticMesh/Rusty_KEY_Auto1.uasset
[2017.12.08-10.35.29:986][462]OBJ SavePackage: Generating thumbnails for [1] asset(s) in package [/Game/FirstPersonBP/Gabi_Assets/Class_BluePrint/StaticMesh/lambert3SG] ([1] browsable assets)...
[2017.12.08-10.35.30:030][462]OBJ SavePackage:     Rendered thumbnail for [Material /Game/FirstPersonBP/Gabi_Assets/Class_BluePrint/StaticMesh/lambert3SG.lambert3SG]
[2017.12.08-10.35.30:030][462]OBJ SavePackage: Finished generating thumbnails for package [/Game/FirstPersonBP/Gabi_Assets/Class_BluePrint/StaticMesh/lambert3SG]
[2017.12.08-10.35.30:060][462]LogSavePackage: Save=24.90ms
[2017.12.08-10.35.30:060][462]LogSavePackage: Moving '../../../../../../Users/Leszek/Documents/Unreal Projects/Break_the_Build/Our_Nightmare/Saved/lambert3SG_Auto1D118AC4A46DFEBEFA565E0B00352D790.tmp' to '../../../../../../Users/Leszek/Documents/Unreal Projects/Break_the_Build/Our_Nightmare/Saved/Autosaves/Game/FirstPersonBP/Gabi_Assets/Class_BluePrint/StaticMesh/lambert3SG_Auto1.uasset'
[2017.12.08-10.35.30:064][462]LogSavePackage: Display: Finished SavePackage ../../../../../../Users/Leszek/Documents/Unreal Projects/Break_the_Build/Our_Nightmare/Saved/Autosaves/Game/FirstPersonBP/Gabi_Assets/Class_BluePrint/StaticMesh/lambert3SG_Auto1.uasset
[2017.12.08-10.35.30:066][462]OBJ SavePackage: Generating thumbnails for [1] asset(s) in package [/Game/FirstPersonBP/Gabi_Assets/Class_BluePrint/StaticMesh/Gnome_with_UV_3_lambert3SG_Normal] ([1] browsable assets)...
[2017.12.08-10.35.30:085][462]OBJ SavePackage:     Rendered thumbnail for [Texture2D /Game/FirstPersonBP/Gabi_Assets/Class_BluePrint/StaticMesh/Gnome_with_UV_3_lambert3SG_Normal.Gnome_with_UV_3_lambert3SG_Normal]
[2017.12.08-10.35.30:085][462]OBJ SavePackage: Finished generating thumbnails for package [/Game/FirstPersonBP/Gabi_Assets/Class_BluePrint/StaticMesh/Gnome_with_UV_3_lambert3SG_Normal]
[2017.12.08-10.35.30:178][462]LogSavePackage: Save=90.25ms
[2017.12.08-10.35.30:178][462]LogSavePackage: Moving '../../../../../../Users/Leszek/Documents/Unreal Projects/Break_the_Build/Our_Nightmare/Saved/Gnome_with_UV_3_lambert3SG_Normal_Auto14405EB5E437FF8895D3DCB8162FCA60F.tmp' to '../../../../../../Users/Leszek/Documents/Unreal Projects/Break_the_Build/Our_Nightmare/Saved/Autosaves/Game/FirstPersonBP/Gabi_Assets/Class_BluePrint/StaticMesh/Gnome_with_UV_3_lambert3SG_Normal_Auto1.uasset'
[2017.12.08-10.35.30:181][462]LogSavePackage: Display: Finished SavePackage ../../../../../../Users/Leszek/Documents/Unreal Projects/Break_the_Build/Our_Nightmare/Saved/Autosaves/Game/FirstPersonBP/Gabi_Assets/Class_BluePrint/StaticMesh/Gnome_with_UV_3_lambert3SG_Normal_Auto1.uasset
[2017.12.08-10.35.30:182][462]OBJ SavePackage: Generating thumbnails for [1] asset(s) in package [/Game/FirstPersonBP/Gabi_Assets/Class_BluePrint/StaticMesh/Gnome_with_UV_3_lambert3SG_OcclusionRoughnessMetallic] ([1] browsable assets)...
[2017.12.08-10.35.30:192][462]OBJ SavePackage:     Rendered thumbnail for [Texture2D /Game/FirstPersonBP/Gabi_Assets/Class_BluePrint/StaticMesh/Gnome_with_UV_3_lambert3SG_OcclusionRoughnessMetallic.Gnome_with_UV_3_lambert3SG_OcclusionRoughnessMetallic]
[2017.12.08-10.35.30:192][462]OBJ SavePackage: Finished generating thumbnails for package [/Game/FirstPersonBP/Gabi_Assets/Class_BluePrint/StaticMesh/Gnome_with_UV_3_lambert3SG_OcclusionRoughnessMetallic]
[2017.12.08-10.35.30:281][462]LogSavePackage: Save=87.40ms
[2017.12.08-10.35.30:281][462]LogSavePackage: Moving '../../../../../../Users/Leszek/Documents/Unreal Projects/Break_the_Build/Our_Nightmare/Saved/Gnome_with_UV_3_lambert3SG_OcclusionRoughnessMetallic_Auto1BA9D26A74C5A9D23EDE90990CD720C2A.tmp' to '../../../../../../Users/Leszek/Documents/Unreal Projects/Break_the_Build/Our_Nightmare/Saved/Autosaves/Game/FirstPersonBP/Gabi_Assets/Class_BluePrint/StaticMesh/Gnome_with_UV_3_lambert3SG_OcclusionRoughnessMetallic_Auto1.uasset'
[2017.12.08-10.35.30:284][462]LogSavePackage: Display: Finished SavePackage ../../../../../../Users/Leszek/Documents/Unreal Projects/Break_the_Build/Our_Nightmare/Saved/Autosaves/Game/FirstPersonBP/Gabi_Assets/Class_BluePrint/StaticMesh/Gnome_with_UV_3_lambert3SG_OcclusionRoughnessMetallic_Auto1.uasset
[2017.12.08-10.35.30:286][462]OBJ SavePackage: Generating thumbnails for [1] asset(s) in package [/Game/FirstPersonBP/Gabi_Assets/Class_BluePrint/StaticMesh/KEY_lambert3SG_BaseColor] ([1] browsable assets)...
[2017.12.08-10.35.30:335][462]OBJ SavePackage:     Rendered thumbnail for [Texture2D /Game/FirstPersonBP/Gabi_Assets/Class_BluePrint/StaticMesh/KEY_lambert3SG_BaseColor.KEY_lambert3SG_BaseColor]
[2017.12.08-10.35.30:335][462]OBJ SavePackage: Finished generating thumbnails for package [/Game/FirstPersonBP/Gabi_Assets/Class_BluePrint/StaticMesh/KEY_lambert3SG_BaseColor]
[2017.12.08-10.35.30:402][462]LogSavePackage: Save=62.82ms
[2017.12.08-10.35.30:402][462]LogSavePackage: Moving '../../../../../../Users/Leszek/Documents/Unreal Projects/Break_the_Build/Our_Nightmare/Saved/KEY_lambert3SG_BaseColor_Auto1C85D3AF1421EC8982704CFA151E7F4AA.tmp' to '../../../../../../Users/Leszek/Documents/Unreal Projects/Break_the_Build/Our_Nightmare/Saved/Autosaves/Game/FirstPersonBP/Gabi_Assets/Class_BluePrint/StaticMesh/KEY_lambert3SG_BaseColor_Auto1.uasset'
[2017.12.08-10.35.30:407][462]LogSavePackage: Display: Finished SavePackage ../../../../../../Users/Leszek/Documents/Unreal Projects/Break_the_Build/Our_Nightmare/Saved/Autosaves/Game/FirstPersonBP/Gabi_Assets/Class_BluePrint/StaticMesh/KEY_lambert3SG_BaseColor_Auto1.uasset
[2017.12.08-10.35.30:410][462]OBJ SavePackage: Generating thumbnails for [1] asset(s) in package [/Game/FirstPersonBP/Gabi_Assets/Class_BluePrint/StaticMesh/KEY_lambert3SG_Normal] ([1] browsable assets)...
[2017.12.08-10.35.30:431][462]OBJ SavePackage:     Rendered thumbnail for [Texture2D /Game/FirstPersonBP/Gabi_Assets/Class_BluePrint/StaticMesh/KEY_lambert3SG_Normal.KEY_lambert3SG_Normal]
[2017.12.08-10.35.30:431][462]OBJ SavePackage: Finished generating thumbnails for package [/Game/FirstPersonBP/Gabi_Assets/Class_BluePrint/StaticMesh/KEY_lambert3SG_Normal]
[2017.12.08-10.35.30:532][462]LogSavePackage: Save=95.90ms
[2017.12.08-10.35.30:532][462]LogSavePackage: Moving '../../../../../../Users/Leszek/Documents/Unreal Projects/Break_the_Build/Our_Nightmare/Saved/KEY_lambert3SG_Normal_Auto1671800D5428B9F832EAA1FAD03F686A9.tmp' to '../../../../../../Users/Leszek/Documents/Unreal Projects/Break_the_Build/Our_Nightmare/Saved/Autosaves/Game/FirstPersonBP/Gabi_Assets/Class_BluePrint/StaticMesh/KEY_lambert3SG_Normal_Auto1.uasset'
[2017.12.08-10.35.30:537][462]LogSavePackage: Display: Finished SavePackage ../../../../../../Users/Leszek/Documents/Unreal Projects/Break_the_Build/Our_Nightmare/Saved/Autosaves/Game/FirstPersonBP/Gabi_Assets/Class_BluePrint/StaticMesh/KEY_lambert3SG_Normal_Auto1.uasset
[2017.12.08-10.35.30:540][462]OBJ SavePackage: Generating thumbnails for [1] asset(s) in package [/Game/FirstPersonBP/Gabi_Assets/Class_BluePrint/StaticMesh/KEY_lambert3SG_OcclusionRoughnessMetallic] ([1] browsable assets)...
[2017.12.08-10.35.30:588][462]OBJ SavePackage:     Rendered thumbnail for [Texture2D /Game/FirstPersonBP/Gabi_Assets/Class_BluePrint/StaticMesh/KEY_lambert3SG_OcclusionRoughnessMetallic.KEY_lambert3SG_OcclusionRoughnessMetallic]
[2017.12.08-10.35.30:588][462]OBJ SavePackage: Finished generating thumbnails for package [/Game/FirstPersonBP/Gabi_Assets/Class_BluePrint/StaticMesh/KEY_lambert3SG_OcclusionRoughnessMetallic]
[2017.12.08-10.35.30:661][462]LogSavePackage: Save=69.38ms
[2017.12.08-10.35.30:661][462]LogSavePackage: Moving '../../../../../../Users/Leszek/Documents/Unreal Projects/Break_the_Build/Our_Nightmare/Saved/KEY_lambert3SG_OcclusionRoughnessMetallic_Auto10974FEA14558AB1A33F9E6B683E0A36A.tmp' to '../../../../../../Users/Leszek/Documents/Unreal Projects/Break_the_Build/Our_Nightmare/Saved/Autosaves/Game/FirstPersonBP/Gabi_Assets/Class_BluePrint/StaticMesh/KEY_lambert3SG_OcclusionRoughnessMetallic_Auto1.uasset'
[2017.12.08-10.35.30:667][462]LogSavePackage: Display: Finished SavePackage ../../../../../../Users/Leszek/Documents/Unreal Projects/Break_the_Build/Our_Nightmare/Saved/Autosaves/Game/FirstPersonBP/Gabi_Assets/Class_BluePrint/StaticMesh/KEY_lambert3SG_OcclusionRoughnessMetallic_Auto1.uasset
[2017.12.08-10.35.30:667][462]LogFileHelpers: Auto-saving content packages took 1.105
[2017.12.08-10.57.56:792][556]LogSavePackage: Save=12.65ms
[2017.12.08-10.57.56:792][556]LogSavePackage: Moving '../../../../../../Users/Leszek/Documents/Unreal Projects/Break_the_Build/Our_Nightmare/Saved/Gnome_with_UV_3736397644488B98BDA8B0B93CEFD997A.tmp' to '../../../../../../Users/Leszek/Documents/Unreal Projects/Break_the_Build/Our_Nightmare/Content/FirstPersonBP/Gabi_Assets/Class_BluePrint/StaticMesh/Gnome_with_UV_3.uasset'
[2017.12.08-10.57.56:798][556]LogSavePackage: Display: Finished SavePackage ../../../../../../Users/Leszek/Documents/Unreal Projects/Break_the_Build/Our_Nightmare/Content/FirstPersonBP/Gabi_Assets/Class_BluePrint/StaticMesh/Gnome_with_UV_3.uasset
[2017.12.08-10.57.58:387][556]LogSavePackage: Save=1474.70ms
[2017.12.08-10.57.58:387][556]LogSavePackage: Moving '../../../../../../Users/Leszek/Documents/Unreal Projects/Break_the_Build/Our_Nightmare/Saved/Gnome_with_UV_3_lambert3SG_BaseColor36C5D9E8461F75BC2425B0B5407EE606.tmp' to '../../../../../../Users/Leszek/Documents/Unreal Projects/Break_the_Build/Our_Nightmare/Content/FirstPersonBP/Gabi_Assets/Class_BluePrint/StaticMesh/Gnome_with_UV_3_lambert3SG_BaseColor.uasset'
[2017.12.08-10.57.58:391][556]LogSavePackage: Display: Finished SavePackage ../../../../../../Users/Leszek/Documents/Unreal Projects/Break_the_Build/Our_Nightmare/Content/FirstPersonBP/Gabi_Assets/Class_BluePrint/StaticMesh/Gnome_with_UV_3_lambert3SG_BaseColor.uasset
[2017.12.08-10.58.00:966][556]LogSavePackage: Save=2446.84ms
[2017.12.08-10.58.00:966][556]LogSavePackage: Moving '../../../../../../Users/Leszek/Documents/Unreal Projects/Break_the_Build/Our_Nightmare/Saved/Gnome_with_UV_3_lambert3SG_Normal86EA589D40078B8BBE13E389D33D065A.tmp' to '../../../../../../Users/Leszek/Documents/Unreal Projects/Break_the_Build/Our_Nightmare/Content/FirstPersonBP/Gabi_Assets/Class_BluePrint/StaticMesh/Gnome_with_UV_3_lambert3SG_Normal.uasset'
[2017.12.08-10.58.00:971][556]LogSavePackage: Display: Finished SavePackage ../../../../../../Users/Leszek/Documents/Unreal Projects/Break_the_Build/Our_Nightmare/Content/FirstPersonBP/Gabi_Assets/Class_BluePrint/StaticMesh/Gnome_with_UV_3_lambert3SG_Normal.uasset
[2017.12.08-10.58.01:800][556]LogSavePackage: Save=722.86ms
[2017.12.08-10.58.01:800][556]LogSavePackage: Moving '../../../../../../Users/Leszek/Documents/Unreal Projects/Break_the_Build/Our_Nightmare/Saved/Gnome_with_UV_3_lambert3SG_OcclusionRoughnessMetallicF4D7308746FE0170129440B8B17BD19E.tmp' to '../../../../../../Users/Leszek/Documents/Unreal Projects/Break_the_Build/Our_Nightmare/Content/FirstPersonBP/Gabi_Assets/Class_BluePrint/StaticMesh/Gnome_with_UV_3_lambert3SG_OcclusionRoughnessMetallic.uasset'
[2017.12.08-10.58.01:804][556]LogSavePackage: Display: Finished SavePackage ../../../../../../Users/Leszek/Documents/Unreal Projects/Break_the_Build/Our_Nightmare/Content/FirstPersonBP/Gabi_Assets/Class_BluePrint/StaticMesh/Gnome_with_UV_3_lambert3SG_OcclusionRoughnessMetallic.uasset
[2017.12.08-10.58.02:585][556]LogSavePackage: Save=640.10ms
[2017.12.08-10.58.02:585][556]LogSavePackage: Moving '../../../../../../Users/Leszek/Documents/Unreal Projects/Break_the_Build/Our_Nightmare/Saved/KEY_lambert3SG_BaseColor77261F9D441F19DDC0FD18AC6523FD72.tmp' to '../../../../../../Users/Leszek/Documents/Unreal Projects/Break_the_Build/Our_Nightmare/Content/FirstPersonBP/Gabi_Assets/Class_BluePrint/StaticMesh/KEY_lambert3SG_BaseColor.uasset'
[2017.12.08-10.58.02:589][556]LogSavePackage: Display: Finished SavePackage ../../../../../../Users/Leszek/Documents/Unreal Projects/Break_the_Build/Our_Nightmare/Content/FirstPersonBP/Gabi_Assets/Class_BluePrint/StaticMesh/KEY_lambert3SG_BaseColor.uasset
[2017.12.08-10.58.03:742][556]LogSavePackage: Save=1011.87ms
[2017.12.08-10.58.03:742][556]LogSavePackage: Moving '../../../../../../Users/Leszek/Documents/Unreal Projects/Break_the_Build/Our_Nightmare/Saved/KEY_lambert3SG_NormalAA0782F34A6C472602E7089A528D6DDE.tmp' to '../../../../../../Users/Leszek/Documents/Unreal Projects/Break_the_Build/Our_Nightmare/Content/FirstPersonBP/Gabi_Assets/Class_BluePrint/StaticMesh/KEY_lambert3SG_Normal.uasset'
[2017.12.08-10.58.03:747][556]LogSavePackage: Display: Finished SavePackage ../../../../../../Users/Leszek/Documents/Unreal Projects/Break_the_Build/Our_Nightmare/Content/FirstPersonBP/Gabi_Assets/Class_BluePrint/StaticMesh/KEY_lambert3SG_Normal.uasset
[2017.12.08-10.58.04:344][556]LogSavePackage: Save=478.37ms
[2017.12.08-10.58.04:344][556]LogSavePackage: Moving '../../../../../../Users/Leszek/Documents/Unreal Projects/Break_the_Build/Our_Nightmare/Saved/KEY_lambert3SG_OcclusionRoughnessMetallicFCEC250D4DF38C47BC7A8EBEF1F4AB0B.tmp' to '../../../../../../Users/Leszek/Documents/Unreal Projects/Break_the_Build/Our_Nightmare/Content/FirstPersonBP/Gabi_Assets/Class_BluePrint/StaticMesh/KEY_lambert3SG_OcclusionRoughnessMetallic.uasset'
[2017.12.08-10.58.04:347][556]LogSavePackage: Display: Finished SavePackage ../../../../../../Users/Leszek/Documents/Unreal Projects/Break_the_Build/Our_Nightmare/Content/FirstPersonBP/Gabi_Assets/Class_BluePrint/StaticMesh/KEY_lambert3SG_OcclusionRoughnessMetallic.uasset
[2017.12.08-10.58.04:565][556]LogSavePackage: Save=30.08ms
[2017.12.08-10.58.04:565][556]LogSavePackage: Moving '../../../../../../Users/Leszek/Documents/Unreal Projects/Break_the_Build/Our_Nightmare/Saved/lambert3SGF4DE364340594BED4961878CFDC33FE5.tmp' to '../../../../../../Users/Leszek/Documents/Unreal Projects/Break_the_Build/Our_Nightmare/Content/FirstPersonBP/Gabi_Assets/Class_BluePrint/StaticMesh/lambert3SG.uasset'
[2017.12.08-10.58.04:573][556]LogSavePackage: Display: Finished SavePackage ../../../../../../Users/Leszek/Documents/Unreal Projects/Break_the_Build/Our_Nightmare/Content/FirstPersonBP/Gabi_Assets/Class_BluePrint/StaticMesh/lambert3SG.uasset
[2017.12.08-10.58.04:766][556]LogSavePackage: Save=30.71ms
[2017.12.08-10.58.04:766][556]LogSavePackage: Moving '../../../../../../Users/Leszek/Documents/Unreal Projects/Break_the_Build/Our_Nightmare/Saved/polySurface1MatF016F214440A58E144655FAABD061493.tmp' to '../../../../../../Users/Leszek/Documents/Unreal Projects/Break_the_Build/Our_Nightmare/Content/FirstPersonBP/Gabi_Assets/Class_BluePrint/StaticMesh/polySurface1Mat.uasset'
[2017.12.08-10.58.04:777][556]LogSavePackage: Display: Finished SavePackage ../../../../../../Users/Leszek/Documents/Unreal Projects/Break_the_Build/Our_Nightmare/Content/FirstPersonBP/Gabi_Assets/Class_BluePrint/StaticMesh/polySurface1Mat.uasset
[2017.12.08-10.58.04:950][556]LogSavePackage: Save=30.15ms
[2017.12.08-10.58.04:950][556]LogSavePackage: Moving '../../../../../../Users/Leszek/Documents/Unreal Projects/Break_the_Build/Our_Nightmare/Saved/Rusty_KEYCFA077F74C07574EADA533BD4B3C9AB5.tmp' to '../../../../../../Users/Leszek/Documents/Unreal Projects/Break_the_Build/Our_Nightmare/Content/FirstPersonBP/Gabi_Assets/Class_BluePrint/StaticMesh/Rusty_KEY.uasset'
[2017.12.08-10.58.04:961][556]LogSavePackage: Display: Finished SavePackage ../../../../../../Users/Leszek/Documents/Unreal Projects/Break_the_Build/Our_Nightmare/Content/FirstPersonBP/Gabi_Assets/Class_BluePrint/StaticMesh/Rusty_KEY.uasset
[2017.12.08-10.58.05:401][557]Cmd: QUIT_EDITOR
[2017.12.08-10.58.05:479][557]LogWindowsTextInputMethodSystem: Display: IME system now deactivated.
[2017.12.08-10.58.05:479][557]LogWindowsTextInputMethodSystem: Display: IME system now deactivated.
[2017.12.08-10.58.05:515][557]LogExit: Preparing to exit.
[2017.12.08-10.58.05:798][557]LogDirectoryWatcher: A directory notification for 'C:/Users/Leszek/Documents/Unreal Projects/Break_the_Build/Our_Nightmare/Content/' was aborted.
[2017.12.08-10.58.05:838][557]LogExit: Editor shut down
[2017.12.08-10.58.05:862][557]LogExit: Transaction tracking system shut down
[2017.12.08-10.58.06:003][557]LogDirectoryWatcher: A directory notification for '../../../Engine/Content/' was aborted.
[2017.12.08-10.58.06:003][557]LogDirectoryWatcher: A directory notification for '../../../../../../Users/Leszek/Documents/Unreal Projects/Break_the_Build/Our_Nightmare/Content/' was aborted.
[2017.12.08-10.58.06:003][557]LogDirectoryWatcher: A directory notification for '../../../Engine/Plugins/2D/Paper2D/Content/' was aborted.
[2017.12.08-10.58.06:003][557]LogDirectoryWatcher: A directory notification for '../../../Engine/Plugins/Runtime/Oculus/OculusVR/Content/' was aborted.
[2017.12.08-10.58.06:004][557]LogDirectoryWatcher: A directory notification for '../../../Engine/Plugins/Runtime/Steam/SteamVR/Content/' was aborted.
[2017.12.08-10.58.06:167][557]LogExit: Object subsystem successfully closed.
[2017.12.08-10.58.06:206][557]LogD3D11RHI: Shutdown
[2017.12.08-10.58.06:206][557]LogD3D11RHI: CleanupD3DDevice
[2017.12.08-10.58.06:432][557]LogD3D11RHI: ~FD3D11DynamicRHI
[2017.12.08-10.58.06:484][557]LogModuleManager: Shutting down and abandoning module HierarchicalLODOutliner (530)
[2017.12.08-10.58.06:484][557]LogModuleManager: Shutting down and abandoning module SceneOutliner (528)
[2017.12.08-10.58.06:484][557]LogModuleManager: Shutting down and abandoning module AddContentDialog (526)
[2017.12.08-10.58.06:485][557]LogDirectoryWatcher: A directory notification for 'C:/Program Files/Epic Games/UE_4.17/FeaturePacks/' was aborted.
[2017.12.08-10.58.06:486][557]LogModuleManager: Shutting down and abandoning module WidgetCarousel (525)
[2017.12.08-10.58.06:486][557]LogModuleManager: Shutting down and abandoning module EditorWidgets (522)
[2017.12.08-10.58.06:486][557]LogModuleManager: Shutting down and abandoning module CollectionManager (520)
[2017.12.08-10.58.06:487][557]LogDirectoryWatcher: A directory notification for 'C:/Users/Leszek/Documents/Unreal Projects/Break_the_Build/Our_Nightmare/Content/Collections/' was aborted.
[2017.12.08-10.58.06:487][557]LogDirectoryWatcher: A directory notification for 'C:/Users/Leszek/Documents/Unreal Projects/Break_the_Build/Our_Nightmare/Content/Developers/Leszek/Collections/' was aborted.
[2017.12.08-10.58.06:487][557]LogDirectoryWatcher: A directory notification for 'C:/Users/Leszek/Documents/Unreal Projects/Break_the_Build/Our_Nightmare/Saved/Collections/' was aborted.
[2017.12.08-10.58.06:487][557]LogModuleManager: Shutting down and abandoning module StatsViewer (518)
[2017.12.08-10.58.06:487][557]LogModuleManager: Shutting down and abandoning module FoliageEdit (516)
[2017.12.08-10.58.06:487][557]LogModuleManager: Shutting down and abandoning module LandscapeEditor (514)
[2017.12.08-10.58.06:488][557]LogModuleManager: Shutting down and abandoning module MeshPaintMode (512)
[2017.12.08-10.58.06:488][557]LogModuleManager: Shutting down and abandoning module SceneDepthPickerMode (510)
[2017.12.08-10.58.06:488][557]LogModuleManager: Shutting down and abandoning module ActorPickerMode (508)
[2017.12.08-10.58.06:488][557]LogModuleManager: Shutting down and abandoning module GeometryMode (506)
[2017.12.08-10.58.06:488][557]LogModuleManager: Shutting down and abandoning module TextureAlignMode (504)
[2017.12.08-10.58.06:488][557]LogModuleManager: Shutting down and abandoning module BspMode (502)
[2017.12.08-10.58.06:488][557]LogModuleManager: Shutting down and abandoning module PIEPreviewDeviceProfileSelector (500)
[2017.12.08-10.58.06:488][557]LogModuleManager: Shutting down and abandoning module HardwareSurvey (498)
[2017.12.08-10.58.06:488][557]LogModuleManager: Shutting down and abandoning module SequenceRecorderSections (496)
[2017.12.08-10.58.06:488][557]LogModuleManager: Shutting down and abandoning module AutomationWorker (494)
[2017.12.08-10.58.06:488][557]LogModuleManager: Shutting down and abandoning module MatineeToLevelSequence (492)
[2017.12.08-10.58.06:488][557]LogModuleManager: Shutting down and abandoning module LevelSequenceEditor (490)
[2017.12.08-10.58.06:489][557]LogModuleManager: Shutting down and abandoning module PlacementMode (489)
[2017.12.08-10.58.06:489][557]LogModuleManager: Shutting down and abandoning module WmfMediaFactory (486)
[2017.12.08-10.58.06:489][557]LogModuleManager: Shutting down and abandoning module WmfMediaEditor (484)
[2017.12.08-10.58.06:489][557]LogModuleManager: Shutting down and abandoning module AvfMediaFactory (482)
[2017.12.08-10.58.06:489][557]LogModuleManager: Shutting down and abandoning module AvfMediaEditor (480)
[2017.12.08-10.58.06:489][557]LogModuleManager: Shutting down and abandoning module AndroidMediaFactory (478)
[2017.12.08-10.58.06:489][557]LogModuleManager: Shutting down and abandoning module Media (477)
[2017.12.08-10.58.06:489][557]LogModuleManager: Shutting down and abandoning module AndroidMediaEditor (474)
[2017.12.08-10.58.06:489][557]LogModuleManager: Shutting down and abandoning module CharacterAI (472)
[2017.12.08-10.58.06:489][557]LogModuleManager: Shutting down and abandoning module AudioCapture (470)
[2017.12.08-10.58.06:489][557]LogModuleManager: Shutting down and abandoning module SequenceRecorder (469)
[2017.12.08-10.58.06:489][557]LogModuleManager: Shutting down and abandoning module SmartSnapping (466)
[2017.12.08-10.58.06:489][557]LogModuleManager: Shutting down and abandoning module SessionServices (464)
[2017.12.08-10.58.06:489][557]LogModuleManager: Shutting down and abandoning module ViewportSnapping (462)
[2017.12.08-10.58.06:489][557]LogModuleManager: Shutting down and abandoning module ViewportInteraction (460)
[2017.12.08-10.58.06:489][557]LogModuleManager: Shutting down and abandoning module ClothPainter (458)
[2017.12.08-10.58.06:490][557]LogModuleManager: Shutting down and abandoning module LogVisualizer (456)
[2017.12.08-10.58.06:490][557]LogModuleManager: Shutting down and abandoning module IntroTutorials (454)
[2017.12.08-10.58.06:490][557]LogModuleManager: Shutting down and abandoning module GameProjectGeneration (453)
[2017.12.08-10.58.06:490][557]LogModuleManager: Shutting down and abandoning module IOSPlatformEditor (450)
[2017.12.08-10.58.06:490][557]LogModuleManager: Shutting down and abandoning module HTML5PlatformEditor (448)
[2017.12.08-10.58.06:490][557]LogModuleManager: Shutting down and abandoning module AndroidPlatformEditor (446)
[2017.12.08-10.58.06:490][557]LogModuleManager: Shutting down and abandoning module AndroidDeviceDetection (445)
[2017.12.08-10.58.06:931][557]LogModuleManager: Shutting down and abandoning module WindowsPlatformEditor (442)
[2017.12.08-10.58.06:931][557]LogModuleManager: Shutting down and abandoning module IOSRuntimeSettings (440)
[2017.12.08-10.58.06:931][557]LogModuleManager: Shutting down and abandoning module AndroidRuntimeSettings (438)
[2017.12.08-10.58.06:931][557]LogModuleManager: Shutting down and abandoning module InputBindingEditor (436)
[2017.12.08-10.58.06:931][557]LogModuleManager: Shutting down and abandoning module MergeActors (434)
[2017.12.08-10.58.06:932][557]LogModuleManager: Shutting down and abandoning module SizeMap (432)
[2017.12.08-10.58.06:932][557]LogModuleManager: Shutting down and abandoning module TreeMap (430)
[2017.12.08-10.58.06:932][557]LogModuleManager: Shutting down and abandoning module ReferenceViewer (428)
[2017.12.08-10.58.06:932][557]LogModuleManager: Shutting down and abandoning module LocalizationDashboard (426)
[2017.12.08-10.58.06:932][557]LogModuleManager: Shutting down and abandoning module LocalizationService (425)
[2017.12.08-10.58.06:933][557]LogModuleManager: Shutting down and abandoning module HardwareTargeting (422)
[2017.12.08-10.58.06:933][557]LogModuleManager: Shutting down and abandoning module DeviceProfileEditor (420)
[2017.12.08-10.58.06:933][557]LogModuleManager: Shutting down and abandoning module UndoHistory (418)
[2017.12.08-10.58.06:933][557]LogModuleManager: Shutting down and abandoning module XmlParser (416)
[2017.12.08-10.58.06:933][557]LogModuleManager: Shutting down and abandoning module Blutility (414)
[2017.12.08-10.58.06:933][557]LogModuleManager: Shutting down and abandoning module ProjectSettingsViewer (412)
[2017.12.08-10.58.06:933][557]LogModuleManager: Shutting down and abandoning module ProjectTargetPlatformEditor (411)
[2017.12.08-10.58.06:933][557]LogModuleManager: Shutting down and abandoning module EditorSettingsViewer (408)
[2017.12.08-10.58.06:933][557]LogModuleManager: Shutting down and abandoning module SettingsEditor (406)
[2017.12.08-10.58.06:934][557]LogModuleManager: Shutting down and abandoning module ProjectLauncher (404)
[2017.12.08-10.58.06:934][557]LogModuleManager: Shutting down and abandoning module SessionFrontend (402)
[2017.12.08-10.58.06:934][557]LogModuleManager: Shutting down and abandoning module ProfilerClient (400)
[2017.12.08-10.58.06:935][557]LogModuleManager: Shutting down and abandoning module DeviceManager (398)
[2017.12.08-10.58.06:935][557]LogModuleManager: Shutting down and abandoning module TargetDeviceServices (397)
[2017.12.08-10.58.06:988][557]LogModuleManager: Shutting down and abandoning module AutomationController (394)
[2017.12.08-10.58.06:988][557]LogModuleManager: Shutting down and abandoning module AutomationWindow (392)
[2017.12.08-10.58.06:989][557]LogModuleManager: Shutting down and abandoning module Layers (390)
[2017.12.08-10.58.06:990][557]LogModuleManager: Shutting down and abandoning module ComponentVisualizers (388)
[2017.12.08-10.58.06:990][557]LogModuleManager: Shutting down and abandoning module DetailCustomizations (386)
[2017.12.08-10.58.06:990][557]LogModuleManager: Shutting down and abandoning module PackagesDialog (384)
[2017.12.08-10.58.06:991][557]LogModuleManager: Shutting down and abandoning module Persona (382)
[2017.12.08-10.58.06:992][557]LogModuleManager: Shutting down and abandoning module AdvancedPreviewScene (381)
[2017.12.08-10.58.06:992][557]LogModuleManager: Shutting down and abandoning module AnimGraph (379)
[2017.12.08-10.58.06:992][557]LogModuleManager: Shutting down and abandoning module Kismet (376)
[2017.12.08-10.58.06:993][557]LogModuleManager: Shutting down and abandoning module ClassViewer (374)
[2017.12.08-10.58.06:993][557]LogModuleManager: Shutting down and abandoning module Toolbox (372)
[2017.12.08-10.58.06:993][557]LogModuleManager: Shutting down and abandoning module ModuleUI (370)
[2017.12.08-10.58.06:994][557]LogModuleManager: Shutting down and abandoning module MovieSceneTools (368)
[2017.12.08-10.58.06:994][557]LogModuleManager: Shutting down and abandoning module OutputLog (366)
[2017.12.08-10.58.06:994][557]LogModuleManager: Shutting down and abandoning module GammaUI (364)
[2017.12.08-10.58.06:994][557]LogModuleManager: Shutting down and abandoning module Documentation (362)
[2017.12.08-10.58.06:994][557]LogModuleManager: Shutting down and abandoning module MovieSceneTracks (360)
[2017.12.08-10.58.06:994][557]LogModuleManager: Shutting down and abandoning module MovieScene (358)
[2017.12.08-10.58.06:994][557]LogModuleManager: Shutting down and abandoning module Niagara (356)
[2017.12.08-10.58.06:994][557]LogModuleManager: Shutting down and abandoning module NiagaraEditor (355)
[2017.12.08-10.58.06:995][557]LogModuleManager: Shutting down and abandoning module StreamingPauseRendering (352)
[2017.12.08-10.58.06:995][557]LogModuleManager: Shutting down and abandoning module LauncherPlatform (350)
[2017.12.08-10.58.06:995][557]LogModuleManager: Shutting down and abandoning module AnalyticsET (348)
[2017.12.08-10.58.06:995][557]LogModuleManager: Shutting down and abandoning module PortalServices (346)
[2017.12.08-10.58.06:995][557]LogModuleManager: Shutting down and abandoning module PortalRpc (344)
[2017.12.08-10.58.06:995][557]LogModuleManager: Shutting down and abandoning module MessagingRpc (342)
[2017.12.08-10.58.06:995][557]LogModuleManager: Shutting down and abandoning module AIModule (340)
[2017.12.08-10.58.06:995][557]LogModuleManager: Shutting down and abandoning module GameplayDebugger (339)
[2017.12.08-10.58.06:996][557]LogModuleManager: Shutting down and abandoning module AITestSuite (337)
[2017.12.08-10.58.06:996][557]LogModuleManager: Shutting down and abandoning module ProfilerService (334)
[2017.12.08-10.58.07:145][557]LogModuleManager: Shutting down and abandoning module TaskGraph (332)
[2017.12.08-10.58.07:146][557]LogModuleManager: Shutting down and abandoning module SteamVRController (330)
[2017.12.08-10.58.07:146][557]LogModuleManager: Shutting down and abandoning module ProceduralMeshComponentEditor (328)
[2017.12.08-10.58.07:146][557]LogModuleManager: Shutting down and abandoning module ProceduralMeshComponent (326)
[2017.12.08-10.58.07:146][557]LogModuleManager: Shutting down and abandoning module OculusInput (324)
[2017.12.08-10.58.07:146][557]LogModuleManager: Shutting down and abandoning module MobilePatchingUtils (322)
[2017.12.08-10.58.07:146][557]LogModuleManager: Shutting down and abandoning module CustomMeshComponent (320)
[2017.12.08-10.58.07:146][557]LogModuleManager: Shutting down and abandoning module CableComponent (318)
[2017.12.08-10.58.07:146][557]LogModuleManager: Shutting down and abandoning module ArchVisCharacter (316)
[2017.12.08-10.58.07:146][557]LogModuleManager: Shutting down and abandoning module AndroidPermission (314)
[2017.12.08-10.58.07:146][557]LogModuleManager: Shutting down and abandoning module MediaPlayerEditor (310)
[2017.12.08-10.58.07:147][557]LogModuleManager: Shutting down and abandoning module HTML5Networking (308)
[2017.12.08-10.58.07:147][557]LogModuleManager: Shutting down and abandoning module AlembicImporter (306)
[2017.12.08-10.58.07:147][557]LogModuleManager: Shutting down and abandoning module AlembicLibrary (305)
[2017.12.08-10.58.07:147][557]LogModuleManager: Shutting down and abandoning module GeometryCache (304)
[2017.12.08-10.58.07:147][557]LogModuleManager: Shutting down and abandoning module GeometryCacheEd (303)
[2017.12.08-10.58.07:147][557]LogModuleManager: Shutting down and abandoning module SpeedTreeImporter (298)
[2017.12.08-10.58.07:147][557]LogModuleManager: Shutting down and abandoning module PluginBrowser (296)
[2017.12.08-10.58.07:148][557]LogModuleManager: Shutting down and abandoning module MobileLauncherProfileWizard (294)
[2017.12.08-10.58.07:148][557]LogModuleManager: Shutting down and abandoning module VisualStudioSourceCodeAccess (292)
[2017.12.08-10.58.07:149][557]LogModuleManager: Shutting down and abandoning module DesktopPlatform (291)
[2017.12.08-10.58.07:149][557]LogModuleManager: Shutting down and abandoning module UObjectPlugin (288)
[2017.12.08-10.58.07:149][557]LogModuleManager: Shutting down and abandoning module SubversionSourceControl (286)
[2017.12.08-10.58.07:149][557]LogModuleManager: Shutting down and abandoning module PerforceSourceControl (284)
[2017.12.08-10.58.07:149][557]LogModuleManager: Shutting down and abandoning module GitSourceControl (282)
[2017.12.08-10.58.07:149][557]LogModuleManager: Shutting down and abandoning module SourceControl (281)
[2017.12.08-10.58.07:149][557]LogModuleManager: Shutting down and abandoning module LightPropagationVolumeEditor (278)
[2017.12.08-10.58.07:149][557]LogModuleManager: Shutting down and abandoning module PaperTiledImporter (276)
[2017.12.08-10.58.07:149][557]LogModuleManager: Shutting down and abandoning module PaperSpriteSheetImporter (274)
[2017.12.08-10.58.07:149][557]LogModuleManager: Shutting down and abandoning module Paper2DEditor (272)
[2017.12.08-10.58.07:149][557]LogModuleManager: Shutting down and abandoning module MeshPaint (271)
[2017.12.08-10.58.07:150][557]LogModuleManager: Shutting down and abandoning module LevelEditor (269)
[2017.12.08-10.58.07:151][557]LogModuleManager: Shutting down and abandoning module PixelInspectorModule (268)
[2017.12.08-10.58.07:152][557]LogModuleManager: Shutting down and abandoning module MainFrame (266)
[2017.12.08-10.58.07:152][557]LogModuleManager: Shutting down and abandoning module HotReload (265)
[2017.12.08-10.58.07:153][557]LogModuleManager: Shutting down and abandoning module RuntimePhysXCooking (260)
[2017.12.08-10.58.07:153][557]LogModuleManager: Shutting down and abandoning module PhysXVehiclesEditor (258)
[2017.12.08-10.58.07:153][557]LogModuleManager: Shutting down and abandoning module PhysXVehicles (256)
[2017.12.08-10.58.07:153][557]LogModuleManager: Shutting down and abandoning module OculusEditor (254)
[2017.12.08-10.58.07:153][557]LogModuleManager: Shutting down and abandoning module LocationServicesBPLibrary (252)
[2017.12.08-10.58.07:153][557]LogModuleManager: Shutting down and abandoning module ImmediatePhysicsEditor (250)
[2017.12.08-10.58.07:153][557]LogModuleManager: Shutting down and abandoning module ImmediatePhysics (248)
[2017.12.08-10.58.07:153][557]LogModuleManager: Shutting down and abandoning module UdpMessaging (246)
[2017.12.08-10.58.07:254][557]LogModuleManager: Shutting down and abandoning module TcpMessaging (244)
[2017.12.08-10.58.07:354][557]LogModuleManager: Shutting down and abandoning module GameplayTagsEditor (242)
[2017.12.08-10.58.07:355][557]LogModuleManager: Shutting down and abandoning module FacialAnimationEditor (240)
[2017.12.08-10.58.07:355][557]LogModuleManager: Shutting down and abandoning module FacialAnimation (238)
[2017.12.08-10.58.07:355][557]LogModuleManager: Shutting down and abandoning module AssetManagerEditor (236)
[2017.12.08-10.58.07:355][557]LogModuleManager: Shutting down and abandoning module GraphEditor (235)
[2017.12.08-10.58.07:357][557]LogModuleManager: Shutting down and abandoning module ContentBrowser (233)
[2017.12.08-10.58.07:360][557]LogModuleManager: Shutting down and abandoning module LightPropagationVolumeRuntime (230)
[2017.12.08-10.58.07:360][557]LogModuleManager: Shutting down and abandoning module Paper2D (228)
[2017.12.08-10.58.07:360][557]LogModuleManager: Shutting down and abandoning module WindowsMoviePlayer (226)
[2017.12.08-10.58.07:360][557]LogModuleManager: Shutting down and abandoning module WmfMedia (224)
[2017.12.08-10.58.07:365][557]LogModuleManager: Shutting down and abandoning module PacketHandler (222)
[2017.12.08-10.58.07:365][557]LogModuleManager: Shutting down and abandoning module ClothingSystemEditor (220)
[2017.12.08-10.58.07:365][557]LogModuleManager: Shutting down and abandoning module ClothingSystemRuntime (218)
[2017.12.08-10.58.07:365][557]LogModuleManager: Shutting down and abandoning module Overlay (216)
[2017.12.08-10.58.07:365][557]LogModuleManager: Shutting down and abandoning module OverlayEditor (215)
[2017.12.08-10.58.07:366][557]LogModuleManager: Shutting down and abandoning module MediaAssets (212)
[2017.12.08-10.58.07:366][557]LogModuleManager: Shutting down and abandoning module VREditor (210)
[2017.12.08-10.58.07:366][557]LogModuleManager: Shutting down and abandoning module StringTableEditor (208)
[2017.12.08-10.58.07:366][557]LogModuleManager: Shutting down and abandoning module GameplayTasksEditor (206)
[2017.12.08-10.58.07:366][557]LogModuleManager: Shutting down and abandoning module BehaviorTreeEditor (204)
[2017.12.08-10.58.07:367][557]LogModuleManager: Shutting down and abandoning module FunctionalTesting (202)
[2017.12.08-10.58.07:367][557]LogModuleManager: Shutting down and abandoning module CollisionAnalyzer (200)
[2017.12.08-10.58.07:368][557]LogModuleManager: Shutting down and abandoning module WorkspaceMenuStructure (199)
[2017.12.08-10.58.07:368][557]LogModuleManager: Shutting down and abandoning module UMG (196)
[2017.12.08-10.58.07:368][557]LogModuleManager: Shutting down and abandoning module UMGEditor (195)
[2017.12.08-10.58.07:368][557]LogModuleManager: Shutting down and abandoning module Sequencer (194)
[2017.12.08-10.58.07:368][557]LogModuleManager: Shutting down and abandoning module MessageLog (191)
[2017.12.08-10.58.07:368][557]LogModuleManager: Shutting down and abandoning module SlateReflector (186)
[2017.12.08-10.58.07:369][557]LogModuleManager: Shutting down and abandoning module Slate (184)
[2017.12.08-10.58.07:369][557]LogModuleManager: Shutting down and abandoning module EditorStyle (182)
[2017.12.08-10.58.07:377][557]LogModuleManager: Shutting down and abandoning module MRMesh (180)
[2017.12.08-10.58.07:377][557]LogModuleManager: Shutting down and abandoning module SourceCodeAccess (178)
[2017.12.08-10.58.07:377][557]LogModuleManager: Shutting down and abandoning module HeadMountedDisplay (176)
[2017.12.08-10.58.07:377][557]LogModuleManager: Shutting down and abandoning module XAudio2 (174)
[2017.12.08-10.58.07:377][557]LogModuleManager: Shutting down and abandoning module Networking (172)
[2017.12.08-10.58.07:377][557]LogModuleManager: Shutting down and abandoning module Core (168)
[2017.12.08-10.58.07:377][557]LogModuleManager: Shutting down and abandoning module KismetCompiler (164)
[2017.12.08-10.58.07:377][557]LogModuleManager: Shutting down and abandoning module LevelSequence (162)
[2017.12.08-10.58.07:377][557]LogModuleManager: Shutting down and abandoning module MeshUtilities (160)
[2017.12.08-10.58.07:378][557]LogModuleManager: Shutting down and abandoning module MeshMergeUtilities (159)
[2017.12.08-10.58.07:378][557]LogModuleManager: Shutting down and abandoning module MeshReductionInterface (158)
[2017.12.08-10.58.07:378][557]LogModuleManager: Shutting down and abandoning module SimplygonSwarm (157)
[2017.12.08-10.58.07:378][557]LogModuleManager: Shutting down and abandoning module SimplygonMeshReduction (155)
[2017.12.08-10.58.07:379][557]LogModuleManager: Shutting down and abandoning module QuadricMeshReduction (153)
[2017.12.08-10.58.07:379][557]LogModuleManager: Shutting down and abandoning module MaterialBaking (149)
[2017.12.08-10.58.07:379][557]LogModuleManager: Shutting down and abandoning module DirectoryWatcher (146)
[2017.12.08-10.58.07:382][557]LogModuleManager: Shutting down and abandoning module DerivedDataCache (144)
[2017.12.08-10.58.07:420][557]LogDerivedDataCache: Shutdown
[2017.12.08-10.58.07:420][557]LogModuleManager: Shutting down and abandoning module TargetPlatform (142)
[2017.12.08-10.58.07:420][557]LogModuleManager: Shutting down and abandoning module VulkanShaderFormat (141)
[2017.12.08-10.58.07:420][557]LogModuleManager: Shutting down and abandoning module ShaderFormatVectorVM (139)
[2017.12.08-10.58.07:421][557]LogModuleManager: Shutting down and abandoning module ShaderFormatOpenGL (137)
[2017.12.08-10.58.07:421][557]LogModuleManager: Shutting down and abandoning module ShaderFormatD3D (135)
[2017.12.08-10.58.07:421][557]LogModuleManager: Shutting down and abandoning module MetalShaderFormat (133)
[2017.12.08-10.58.07:422][557]LogModuleManager: Shutting down and abandoning module TextureFormatUncompressed (131)
[2017.12.08-10.58.07:422][557]LogModuleManager: Shutting down and abandoning module TextureFormatPVR (129)
[2017.12.08-10.58.07:422][557]LogModuleManager: Shutting down and abandoning module TextureFormatDXT (127)
[2017.12.08-10.58.07:422][557]LogModuleManager: Shutting down and abandoning module TextureFormatIntelISPCTexComp (125)
[2017.12.08-10.58.07:422][557]LogModuleManager: Shutting down and abandoning module TextureFormatASTC (123)
[2017.12.08-10.58.07:422][557]LogModuleManager: Shutting down and abandoning module ImageWrapper (122)
[2017.12.08-10.58.07:422][557]LogModuleManager: Shutting down and abandoning module TextureFormatAndroid (119)
[2017.12.08-10.58.07:422][557]LogModuleManager: Shutting down and abandoning module AudioFormatOpus (117)
[2017.12.08-10.58.07:423][557]LogModuleManager: Shutting down and abandoning module AudioFormatOgg (115)
[2017.12.08-10.58.07:423][557]LogModuleManager: Shutting down and abandoning module AudioFormatADPCM (113)
[2017.12.08-10.58.07:423][557]LogModuleManager: Shutting down and abandoning module LinuxTargetPlatform (111)
[2017.12.08-10.58.07:423][557]LogModuleManager: Shutting down and abandoning module LinuxServerTargetPlatform (109)
[2017.12.08-10.58.07:423][557]LogModuleManager: Shutting down and abandoning module LinuxNoEditorTargetPlatform (107)
[2017.12.08-10.58.07:423][557]LogModuleManager: Shutting down and abandoning module LinuxClientTargetPlatform (105)
[2017.12.08-10.58.07:423][557]LogModuleManager: Shutting down and abandoning module TVOSTargetPlatform (103)
[2017.12.08-10.58.07:423][557]LogModuleManager: Shutting down and abandoning module Messaging (101)
[2017.12.08-10.58.07:423][557]LogModuleManager: Shutting down and abandoning module IOSTargetPlatform (99)
[2017.12.08-10.58.07:423][557]LogModuleManager: Shutting down and abandoning module HTML5TargetPlatform (97)
[2017.12.08-10.58.07:423][557]LogModuleManager: Shutting down and abandoning module Android_PVRTCTargetPlatform (95)
[2017.12.08-10.58.07:423][557]LogModuleManager: Shutting down and abandoning module Android_MultiTargetPlatform (93)
[2017.12.08-10.58.07:423][557]LogModuleManager: Shutting down and abandoning module Android_ETC2TargetPlatform (91)
[2017.12.08-10.58.07:423][557]LogModuleManager: Shutting down and abandoning module Android_ETC1TargetPlatform (89)
[2017.12.08-10.58.07:423][557]LogModuleManager: Shutting down and abandoning module Android_DXTTargetPlatform (87)
[2017.12.08-10.58.07:423][557]LogModuleManager: Shutting down and abandoning module Android_ATCTargetPlatform (85)
[2017.12.08-10.58.07:424][557]LogModuleManager: Shutting down and abandoning module Android_ASTCTargetPlatform (83)
[2017.12.08-10.58.07:424][557]LogModuleManager: Shutting down and abandoning module AndroidTargetPlatform (81)
[2017.12.08-10.58.07:424][557]LogModuleManager: Shutting down and abandoning module WindowsTargetPlatform (79)
[2017.12.08-10.58.07:424][557]LogModuleManager: Shutting down and abandoning module WindowsServerTargetPlatform (77)
[2017.12.08-10.58.07:424][557]LogModuleManager: Shutting down and abandoning module WindowsNoEditorTargetPlatform (75)
[2017.12.08-10.58.07:424][557]LogModuleManager: Shutting down and abandoning module WindowsClientTargetPlatform (73)
[2017.12.08-10.58.07:424][557]LogModuleManager: Shutting down and abandoning module MacTargetPlatform (71)
[2017.12.08-10.58.07:424][557]LogModuleManager: Shutting down and abandoning module MacServerTargetPlatform (69)
[2017.12.08-10.58.07:424][557]LogModuleManager: Shutting down and abandoning module MacNoEditorTargetPlatform (67)
[2017.12.08-10.58.07:424][557]LogModuleManager: Shutting down and abandoning module MacClientTargetPlatform (65)
[2017.12.08-10.58.07:424][557]LogModuleManager: Shutting down and abandoning module AllDesktopTargetPlatform (63)
[2017.12.08-10.58.07:424][557]LogModuleManager: Shutting down and abandoning module InputCore (60)
[2017.12.08-10.58.07:424][557]LogModuleManager: Shutting down and abandoning module Settings (58)
[2017.12.08-10.58.07:425][557]LogModuleManager: Shutting down and abandoning module PhysXCooking (56)
[2017.12.08-10.58.07:425][557]LogModuleManager: Shutting down and abandoning module SteamVR (54)
[2017.12.08-10.58.07:425][557]LogModuleManager: Shutting down and abandoning module OculusHMD (52)
[2017.12.08-10.58.07:425][557]LogModuleManager: Shutting down and abandoning module ExampleDeviceProfileSelector (50)
[2017.12.08-10.58.07:425][557]LogModuleManager: Shutting down and abandoning module OnlineBlueprintSupport (48)
[2017.12.08-10.58.07:425][557]LogModuleManager: Shutting down and abandoning module OnlineSubsystem (44)
[2017.12.08-10.58.07:425][557]LogOnline: Display: Unloading online subsystem: NULL
[2017.12.08-10.58.07:426][557]LogModuleManager: Shutting down and abandoning module XMPP (43)
[2017.12.08-10.58.07:426][557]LogModuleManager: Shutting down and abandoning module HTTP (41)
[2017.12.08-10.58.07:426][557]LogHttp: Display: Http module shutting down, but needs to wait on 1 outstanding Http requests:
[2017.12.08-10.58.07:426][557]LogHttp: Display: 	verb=[POST] url=[https://datarouter.ol.epicgames.com/datarouter/api/v1/public/data?SessionID=%7BDBED95AD-475A-33FF-A920-C4BFCF478F4A%7D&AppID=UEEditor.Rocket.Release&AppVersion=4.17.2-3658906%2B%2B%2BUE4%2BRelease-4.17&UserID=a202bbab4bfb72a6c72ab59bf5105770%7Ca6b7376151474e159cf10430cd50646e%7C20bc636a-a4d7-41a8-a2dc-7238c7cddcf0&AppEnvironment=datacollector-binary&UploadType=eteventstream] status=Processing
[2017.12.08-10.58.07:438][557]LogModuleManager: Shutting down and abandoning module SSL (40)
[2017.12.08-10.58.07:442][557]LogModuleManager: Shutting down and abandoning module AnimationModifiers (36)
[2017.12.08-10.58.07:443][557]LogModuleManager: Shutting down and abandoning module PropertyEditor (35)
[2017.12.08-10.58.07:443][557]LogModuleManager: Shutting down and abandoning module AudioEditor (32)
[2017.12.08-10.58.07:443][557]LogModuleManager: Shutting down and abandoning module TextureCompressor (30)
[2017.12.08-10.58.07:443][557]LogModuleManager: Shutting down and abandoning module ShaderCore (28)
[2017.12.08-10.58.07:443][557]LogModuleManager: Shutting down and abandoning module Landscape (26)
[2017.12.08-10.58.07:443][557]LogModuleManager: Shutting down and abandoning module SlateRHIRenderer (24)
[2017.12.08-10.58.07:445][557]LogModuleManager: Shutting down and abandoning module OpenGLDrv (22)
[2017.12.08-10.58.07:445][557]LogModuleManager: Shutting down and abandoning module D3D11RHI (20)
[2017.12.08-10.58.07:445][557]LogModuleManager: Shutting down and abandoning module AnimGraphRuntime (18)
[2017.12.08-10.58.07:445][557]LogModuleManager: Shutting down and abandoning module Renderer (16)
[2017.12.08-10.58.07:445][557]LogModuleManager: Shutting down and abandoning module Engine (14)
[2017.12.08-10.58.07:445][557]LogModuleManager: Shutting down and abandoning module CoreUObject (12)
[2017.12.08-10.58.07:445][557]LogModuleManager: Shutting down and abandoning module NetworkFile (10)
[2017.12.08-10.58.07:445][557]LogModuleManager: Shutting down and abandoning module CookedIterativeFile (8)
[2017.12.08-10.58.07:445][557]LogModuleManager: Shutting down and abandoning module StreamingFile (6)
[2017.12.08-10.58.07:445][557]LogModuleManager: Shutting down and abandoning module SandboxFile (4)
[2017.12.08-10.58.07:446][557]LogModuleManager: Shutting down and abandoning module PakFile (2)
[2017.12.08-10.58.07:455][557]LogExit: Exiting.
[2017.12.08-10.58.07:511][557]Log file closed, 12/08/17 10:58:07
